::1 - - [11/Apr/2019:21:08:06 +0200] "GET /cURL.php HTTP/1.1" 200 139
::1 - - [11/Apr/2019:21:08:06 +0200] "GET /favicon.ico HTTP/1.1" 404 1191
::1 - - [11/Apr/2019:21:09:35 +0200] "POST /pr1/service.php HTTP/1.1" 404 1053
::1 - - [11/Apr/2019:21:09:35 +0200] "GET /cURL.php HTTP/1.1" 200 5
::1 - - [11/Apr/2019:21:10:17 +0200] "POST /pr1/service.php HTTP/1.1" 404 1053
::1 - - [11/Apr/2019:21:10:17 +0200] "GET /cURL.php HTTP/1.1" 200 8
::1 - - [11/Apr/2019:21:10:33 +0200] "GET /cURL.php HTTP/1.1" 200 8
::1 - - [11/Apr/2019:21:10:33 +0200] "POST /pr1/service.php HTTP/1.1" 404 1053
::1 - - [11/Apr/2019:21:10:34 +0200] "GET /cURL.php HTTP/1.1" 200 8
::1 - - [11/Apr/2019:21:10:34 +0200] "POST /pr1/service.php HTTP/1.1" 404 1053
::1 - - [11/Apr/2019:21:10:35 +0200] "POST /pr1/service.php HTTP/1.1" 404 1053
::1 - - [11/Apr/2019:21:10:35 +0200] "GET /cURL.php HTTP/1.1" 200 8
::1 - - [11/Apr/2019:21:13:32 +0200] "GET /cURL.php HTTP/1.1" 200 5
::1 - - [11/Apr/2019:21:13:34 +0200] "GET /cURL.php HTTP/1.1" 200 5
::1 - - [11/Apr/2019:21:13:50 +0200] "GET /cURL.php HTTP/1.1" 200 5
::1 - - [11/Apr/2019:21:13:51 +0200] "GET /cURL.php HTTP/1.1" 200 5
::1 - - [11/Apr/2019:21:13:51 +0200] "GET /cURL.php HTTP/1.1" 200 5
::1 - - [11/Apr/2019:21:13:53 +0200] "GET /cURL.php HTTP/1.1" 200 5
::1 - - [11/Apr/2019:21:14:52 +0200] "GET /cURL.php HTTP/1.1" 200 5
::1 - - [11/Apr/2019:21:14:56 +0200] "GET /favicon.ico HTTP/1.1" 404 1191
::1 - - [11/Apr/2019:21:21:47 +0200] "GET /cURL.php HTTP/1.1" 200 705709
::1 - - [11/Apr/2019:21:21:51 +0200] "GET /js/ui-bootstrap-tpls-0.11.2.min.js HTTP/1.1" 404 1191
::1 - - [11/Apr/2019:21:21:51 +0200] "GET /js/angular.min.js HTTP/1.1" 404 1191
::1 - - [11/Apr/2019:21:21:51 +0200] "GET /js/angular-animate.min.js HTTP/1.1" 404 1191
::1 - - [11/Apr/2019:21:21:51 +0200] "GET /js/angular-file-upload.js HTTP/1.1" 404 1191
::1 - - [11/Apr/2019:21:21:51 +0200] "GET /js/angular-route.min.js HTTP/1.1" 404 1191
::1 - - [11/Apr/2019:21:21:51 +0200] "GET /css/bootstrap.min.css HTTP/1.1" 404 1191
::1 - - [11/Apr/2019:21:21:51 +0200] "GET /css/custom.css HTTP/1.1" 404 1191
::1 - - [11/Apr/2019:21:21:51 +0200] "GET /js/angular-filter.js HTTP/1.1" 404 1191
::1 - - [11/Apr/2019:21:21:51 +0200] "GET /css/font-awesome.min.css HTTP/1.1" 404 1191
::1 - - [11/Apr/2019:21:21:51 +0200] "GET /css/bootstrap-datetimepicker.css HTTP/1.1" 404 1191
::1 - - [11/Apr/2019:21:21:51 +0200] "GET /js/Chart.bundle.js HTTP/1.1" 404 1191
::1 - - [11/Apr/2019:21:21:51 +0200] "GET /app/data.js?v=6 HTTP/1.1" 404 1191
::1 - - [11/Apr/2019:21:21:51 +0200] "GET /app/partneriCtrl.js?v=2 HTTP/1.1" 404 1191
::1 - - [11/Apr/2019:21:21:51 +0200] "GET /app/predloziTvrtkaCtrl.js?v=2 HTTP/1.1" 404 1191
::1 - - [11/Apr/2019:21:21:51 +0200] "GET /app/ispisPrakseCtrl.js?v=4 HTTP/1.1" 404 1191
::1 - - [11/Apr/2019:21:21:51 +0200] "GET /js/jquery.min.js HTTP/1.1" 404 1191
::1 - - [11/Apr/2019:21:21:51 +0200] "GET /app/directives.js?v=1 HTTP/1.1" 404 1191
::1 - - [11/Apr/2019:21:21:51 +0200] "GET /js/bootstrap.min.js HTTP/1.1" 404 1191
::1 - - [11/Apr/2019:21:21:51 +0200] "GET /js/underscore.min.js HTTP/1.1" 404 1191
::1 - - [11/Apr/2019:21:21:51 +0200] "GET /js/angular.min.js HTTP/1.1" 404 1191
::1 - - [11/Apr/2019:21:21:51 +0200] "GET /js/ui-bootstrap-tpls-0.11.2.min.js HTTP/1.1" 404 1191
::1 - - [11/Apr/2019:21:21:51 +0200] "GET /js/angular-route.min.js HTTP/1.1" 404 1191
::1 - - [11/Apr/2019:21:21:51 +0200] "GET /js/angular-animate.min.js HTTP/1.1" 404 1191
::1 - - [11/Apr/2019:21:21:51 +0200] "GET /js/angular-file-upload.js HTTP/1.1" 404 1191
::1 - - [11/Apr/2019:21:21:51 +0200] "GET /js/angular-filter.js HTTP/1.1" 404 1191
::1 - - [11/Apr/2019:21:21:51 +0200] "GET /js/Chart.bundle.js HTTP/1.1" 404 1191
::1 - - [11/Apr/2019:21:21:51 +0200] "GET /app/data.js?v=6 HTTP/1.1" 404 1191
::1 - - [11/Apr/2019:21:21:51 +0200] "GET /app/directives.js?v=1 HTTP/1.1" 404 1191
::1 - - [11/Apr/2019:21:21:51 +0200] "GET /app/partneriCtrl.js?v=2 HTTP/1.1" 404 1191
::1 - - [11/Apr/2019:21:21:51 +0200] "GET /app/predloziTvrtkaCtrl.js?v=2 HTTP/1.1" 404 1191
::1 - - [11/Apr/2019:21:21:51 +0200] "GET /app/ispisPrakseCtrl.js?v=4 HTTP/1.1" 404 1191
::1 - - [11/Apr/2019:21:21:51 +0200] "GET /js/jquery.min.js HTTP/1.1" 404 1191
::1 - - [11/Apr/2019:21:21:51 +0200] "GET /js/bootstrap.min.js HTTP/1.1" 404 1191
::1 - - [11/Apr/2019:21:21:51 +0200] "GET /js/underscore.min.js HTTP/1.1" 404 1191
::1 - - [11/Apr/2019:21:21:51 +0200] "GET /css/bootstrap.min.css HTTP/1.1" 404 1191
::1 - - [11/Apr/2019:21:21:51 +0200] "GET /css/bootstrap-datetimepicker.css HTTP/1.1" 404 1191
::1 - - [11/Apr/2019:21:21:51 +0200] "GET /css/custom.css HTTP/1.1" 404 1191
::1 - - [11/Apr/2019:21:21:51 +0200] "GET /css/font-awesome.min.css HTTP/1.1" 404 1191
::1 - - [11/Apr/2019:21:25:29 +0200] "GET /html.php HTTP/1.1" 200 223
::1 - - [11/Apr/2019:21:34:25 +0200] "GET /html.php HTTP/1.1" 200 145
::1 - - [11/Apr/2019:21:34:45 +0200] "GET /html.php HTTP/1.1" 200 386
::1 - - [11/Apr/2019:21:36:35 +0200] "GET /html.php HTTP/1.1" 200 117
::1 - - [11/Apr/2019:21:36:54 +0200] "GET /html.php HTTP/1.1" 200 178
::1 - - [11/Apr/2019:21:37:41 +0200] "GET /cURL.php HTTP/1.1" 200 705709
::1 - - [11/Apr/2019:21:37:45 +0200] "GET /js/angular.min.js HTTP/1.1" 404 1191
::1 - - [11/Apr/2019:21:37:45 +0200] "GET /js/ui-bootstrap-tpls-0.11.2.min.js HTTP/1.1" 404 1191
::1 - - [11/Apr/2019:21:37:45 +0200] "GET /js/angular-animate.min.js HTTP/1.1" 404 1191
::1 - - [11/Apr/2019:21:37:45 +0200] "GET /js/angular-filter.js HTTP/1.1" 404 1191
::1 - - [11/Apr/2019:21:37:45 +0200] "GET /js/angular-file-upload.js HTTP/1.1" 404 1191
::1 - - [11/Apr/2019:21:37:45 +0200] "GET /js/angular-route.min.js HTTP/1.1" 404 1191
::1 - - [11/Apr/2019:21:37:45 +0200] "GET /js/Chart.bundle.js HTTP/1.1" 404 1191
::1 - - [11/Apr/2019:21:37:45 +0200] "GET /app/data.js?v=6 HTTP/1.1" 404 1191
::1 - - [11/Apr/2019:21:37:45 +0200] "GET /css/font-awesome.min.css HTTP/1.1" 404 1191
::1 - - [11/Apr/2019:21:37:45 +0200] "GET /css/bootstrap.min.css HTTP/1.1" 404 1191
::1 - - [11/Apr/2019:21:37:45 +0200] "GET /app/directives.js?v=1 HTTP/1.1" 404 1191
::1 - - [11/Apr/2019:21:37:45 +0200] "GET /app/partneriCtrl.js?v=2 HTTP/1.1" 404 1191
::1 - - [11/Apr/2019:21:37:45 +0200] "GET /app/ispisPrakseCtrl.js?v=4 HTTP/1.1" 404 1191
::1 - - [11/Apr/2019:21:37:45 +0200] "GET /app/predloziTvrtkaCtrl.js?v=2 HTTP/1.1" 404 1191
::1 - - [11/Apr/2019:21:37:45 +0200] "GET /js/jquery.min.js HTTP/1.1" 404 1191
::1 - - [11/Apr/2019:21:37:45 +0200] "GET /js/underscore.min.js HTTP/1.1" 404 1191
::1 - - [11/Apr/2019:21:37:45 +0200] "GET /js/bootstrap.min.js HTTP/1.1" 404 1191
::1 - - [11/Apr/2019:21:37:45 +0200] "GET /css/custom.css HTTP/1.1" 404 1191
::1 - - [11/Apr/2019:21:37:45 +0200] "GET /css/bootstrap-datetimepicker.css HTTP/1.1" 404 1191
::1 - - [11/Apr/2019:21:37:45 +0200] "GET /js/angular.min.js HTTP/1.1" 404 1191
::1 - - [11/Apr/2019:21:37:45 +0200] "GET /js/ui-bootstrap-tpls-0.11.2.min.js HTTP/1.1" 404 1191
::1 - - [11/Apr/2019:21:37:45 +0200] "GET /js/angular-route.min.js HTTP/1.1" 404 1191
::1 - - [11/Apr/2019:21:37:45 +0200] "GET /js/angular-animate.min.js HTTP/1.1" 404 1191
::1 - - [11/Apr/2019:21:37:45 +0200] "GET /js/angular-file-upload.js HTTP/1.1" 404 1191
::1 - - [11/Apr/2019:21:37:45 +0200] "GET /js/angular-filter.js HTTP/1.1" 404 1191
::1 - - [11/Apr/2019:21:37:45 +0200] "GET /js/Chart.bundle.js HTTP/1.1" 404 1191
::1 - - [11/Apr/2019:21:37:45 +0200] "GET /app/data.js?v=6 HTTP/1.1" 404 1191
::1 - - [11/Apr/2019:21:37:45 +0200] "GET /app/directives.js?v=1 HTTP/1.1" 404 1191
::1 - - [11/Apr/2019:21:37:45 +0200] "GET /app/partneriCtrl.js?v=2 HTTP/1.1" 404 1191
::1 - - [11/Apr/2019:21:37:45 +0200] "GET /app/predloziTvrtkaCtrl.js?v=2 HTTP/1.1" 404 1191
::1 - - [11/Apr/2019:21:37:45 +0200] "GET /app/ispisPrakseCtrl.js?v=4 HTTP/1.1" 404 1191
::1 - - [11/Apr/2019:21:37:45 +0200] "GET /js/jquery.min.js HTTP/1.1" 404 1191
::1 - - [11/Apr/2019:21:37:45 +0200] "GET /js/bootstrap.min.js HTTP/1.1" 404 1191
::1 - - [11/Apr/2019:21:37:45 +0200] "GET /js/underscore.min.js HTTP/1.1" 404 1191
::1 - - [11/Apr/2019:21:37:45 +0200] "GET /css/bootstrap.min.css HTTP/1.1" 404 1191
::1 - - [11/Apr/2019:21:37:45 +0200] "GET /css/bootstrap-datetimepicker.css HTTP/1.1" 404 1191
::1 - - [11/Apr/2019:21:37:45 +0200] "GET /css/custom.css HTTP/1.1" 404 1191
::1 - - [11/Apr/2019:21:37:45 +0200] "GET /css/font-awesome.min.css HTTP/1.1" 404 1191
::1 - - [11/Apr/2019:21:51:25 +0200] "GET /cURL.php HTTP/1.1" 200 228
::1 - - [11/Apr/2019:21:52:31 +0200] "GET /cURL.php HTTP/1.1" 200 226
::1 - - [11/Apr/2019:21:54:19 +0200] "GET /cURL.php HTTP/1.1" 200 226
::1 - - [11/Apr/2019:21:54:34 +0200] "GET /cURL.php HTTP/1.1" 200 5
::1 - - [11/Apr/2019:21:55:00 +0200] "GET /cURL.php HTTP/1.1" 200 5
::1 - - [11/Apr/2019:21:56:27 +0200] "GET /cURL.php HTTP/1.1" 200 705709
::1 - - [11/Apr/2019:21:56:30 +0200] "GET /js/ui-bootstrap-tpls-0.11.2.min.js HTTP/1.1" 404 1191
::1 - - [11/Apr/2019:21:56:30 +0200] "GET /js/angular.min.js HTTP/1.1" 404 1191
::1 - - [11/Apr/2019:21:56:30 +0200] "GET /js/angular-filter.js HTTP/1.1" 404 1191
::1 - - [11/Apr/2019:21:56:30 +0200] "GET /js/angular-animate.min.js HTTP/1.1" 404 1191
::1 - - [11/Apr/2019:21:56:30 +0200] "GET /js/angular-route.min.js HTTP/1.1" 404 1191
::1 - - [11/Apr/2019:21:56:30 +0200] "GET /js/Chart.bundle.js HTTP/1.1" 404 1191
::1 - - [11/Apr/2019:21:56:30 +0200] "GET /app/data.js?v=6 HTTP/1.1" 404 1191
::1 - - [11/Apr/2019:21:56:30 +0200] "GET /css/bootstrap-datetimepicker.css HTTP/1.1" 404 1191
::1 - - [11/Apr/2019:21:56:30 +0200] "GET /css/font-awesome.min.css HTTP/1.1" 404 1191
::1 - - [11/Apr/2019:21:56:30 +0200] "GET /app/directives.js?v=1 HTTP/1.1" 404 1191
::1 - - [11/Apr/2019:21:56:30 +0200] "GET /css/custom.css HTTP/1.1" 404 1191
::1 - - [11/Apr/2019:21:56:30 +0200] "GET /css/bootstrap.min.css HTTP/1.1" 404 1191
::1 - - [11/Apr/2019:21:56:30 +0200] "GET /js/angular-file-upload.js HTTP/1.1" 404 1191
::1 - - [11/Apr/2019:21:56:30 +0200] "GET /app/partneriCtrl.js?v=2 HTTP/1.1" 404 1191
::1 - - [11/Apr/2019:21:56:30 +0200] "GET /app/ispisPrakseCtrl.js?v=4 HTTP/1.1" 404 1191
::1 - - [11/Apr/2019:21:56:30 +0200] "GET /app/predloziTvrtkaCtrl.js?v=2 HTTP/1.1" 404 1191
::1 - - [11/Apr/2019:21:56:30 +0200] "GET /js/jquery.min.js HTTP/1.1" 404 1191
::1 - - [11/Apr/2019:21:56:30 +0200] "GET /js/bootstrap.min.js HTTP/1.1" 404 1191
::1 - - [11/Apr/2019:21:56:30 +0200] "GET /js/underscore.min.js HTTP/1.1" 404 1191
::1 - - [11/Apr/2019:21:56:30 +0200] "GET /js/angular.min.js HTTP/1.1" 404 1191
::1 - - [11/Apr/2019:21:56:30 +0200] "GET /js/ui-bootstrap-tpls-0.11.2.min.js HTTP/1.1" 404 1191
::1 - - [11/Apr/2019:21:56:30 +0200] "GET /js/angular-route.min.js HTTP/1.1" 404 1191
::1 - - [11/Apr/2019:21:56:30 +0200] "GET /js/angular-animate.min.js HTTP/1.1" 404 1191
::1 - - [11/Apr/2019:21:56:30 +0200] "GET /js/angular-file-upload.js HTTP/1.1" 404 1191
::1 - - [11/Apr/2019:21:56:30 +0200] "GET /js/angular-filter.js HTTP/1.1" 404 1191
::1 - - [11/Apr/2019:21:56:30 +0200] "GET /js/Chart.bundle.js HTTP/1.1" 404 1191
::1 - - [11/Apr/2019:21:56:30 +0200] "GET /app/data.js?v=6 HTTP/1.1" 404 1191
::1 - - [11/Apr/2019:21:56:30 +0200] "GET /app/directives.js?v=1 HTTP/1.1" 404 1191
::1 - - [11/Apr/2019:21:56:30 +0200] "GET /app/partneriCtrl.js?v=2 HTTP/1.1" 404 1191
::1 - - [11/Apr/2019:21:56:30 +0200] "GET /app/predloziTvrtkaCtrl.js?v=2 HTTP/1.1" 404 1191
::1 - - [11/Apr/2019:21:56:30 +0200] "GET /app/ispisPrakseCtrl.js?v=4 HTTP/1.1" 404 1191
::1 - - [11/Apr/2019:21:56:30 +0200] "GET /js/jquery.min.js HTTP/1.1" 404 1191
::1 - - [11/Apr/2019:21:56:30 +0200] "GET /js/bootstrap.min.js HTTP/1.1" 404 1191
::1 - - [11/Apr/2019:21:56:30 +0200] "GET /js/underscore.min.js HTTP/1.1" 404 1191
::1 - - [11/Apr/2019:21:56:30 +0200] "GET /css/bootstrap.min.css HTTP/1.1" 404 1191
::1 - - [11/Apr/2019:21:56:30 +0200] "GET /css/bootstrap-datetimepicker.css HTTP/1.1" 404 1191
::1 - - [11/Apr/2019:21:56:30 +0200] "GET /css/font-awesome.min.css HTTP/1.1" 404 1191
::1 - - [11/Apr/2019:21:56:30 +0200] "GET /css/custom.css HTTP/1.1" 404 1191
::1 - - [11/Apr/2019:21:56:35 +0200] "GET /css/bootstrap.min.css HTTP/1.1" 404 1191
::1 - - [11/Apr/2019:21:56:35 +0200] "GET /css/bootstrap-datetimepicker.css HTTP/1.1" 404 1191
::1 - - [11/Apr/2019:21:56:35 +0200] "GET /css/font-awesome.min.css HTTP/1.1" 404 1191
::1 - - [11/Apr/2019:21:56:35 +0200] "GET /css/custom.css HTTP/1.1" 404 1191
::1 - - [11/Apr/2019:21:57:30 +0200] "GET /cURL.php HTTP/1.1" 200 228
::1 - - [11/Apr/2019:22:01:49 +0200] "GET /cURL.php HTTP/1.1" 200 758
::1 - - [11/Apr/2019:22:04:01 +0200] "GET /cURL.php HTTP/1.1" 200 127
::1 - - [11/Apr/2019:22:05:07 +0200] "GET /cURL.php HTTP/1.1" 200 1300
::1 - - [11/Apr/2019:22:09:21 +0200] "GET /cURL.php HTTP/1.1" 200 1300
::1 - - [11/Apr/2019:22:09:51 +0200] "GET /cURL.php HTTP/1.1" 200 1300
::1 - - [11/Apr/2019:22:10:38 +0200] "GET /cURL.php HTTP/1.1" 200 561
::1 - - [11/Apr/2019:23:23:47 +0200] "GET /cURL.php HTTP/1.1" 200 327
::1 - - [11/Apr/2019:23:24:53 +0200] "GET /cURL.php HTTP/1.1" 200 221
::1 - - [11/Apr/2019:23:25:23 +0200] "GET /cURL.php HTTP/1.1" 200 222
::1 - - [11/Apr/2019:23:25:48 +0200] "GET /cURL.php HTTP/1.1" 200 17
::1 - - [11/Apr/2019:23:26:39 +0200] "GET /cURL.php HTTP/1.1" 200 351
::1 - - [12/Apr/2019:00:01:40 +0200] "GET /cURL.php HTTP/1.1" 200 718
::1 - - [12/Apr/2019:00:02:01 +0200] "GET /cURL.php HTTP/1.1" 200 10
::1 - - [12/Apr/2019:00:16:50 +0200] "GET /cURL.php HTTP/1.1" 200 615
::1 - - [12/Apr/2019:00:17:50 +0200] "GET /cURL.php HTTP/1.1" 200 615
::1 - - [12/Apr/2019:00:18:54 +0200] "GET /cURL.php HTTP/1.1" 200 3
::1 - - [12/Apr/2019:00:19:24 +0200] "GET /cURL.php HTTP/1.1" 200 618
::1 - - [12/Apr/2019:00:20:02 +0200] "GET /cURL.php HTTP/1.1" 200 618
::1 - - [12/Apr/2019:00:20:03 +0200] "GET /cURL.php HTTP/1.1" 200 618
::1 - - [12/Apr/2019:00:20:04 +0200] "GET /cURL.php HTTP/1.1" 200 618
::1 - - [12/Apr/2019:00:21:03 +0200] "GET /cURL.php HTTP/1.1" 200 618
::1 - - [12/Apr/2019:00:23:07 +0200] "GET /cURL.php HTTP/1.1" 200 213
::1 - - [12/Apr/2019:00:23:44 +0200] "GET /cURL.php HTTP/1.1" 200 3365
::1 - - [12/Apr/2019:00:25:38 +0200] "GET /cURL.php HTTP/1.1" 200 3365
::1 - - [12/Apr/2019:00:26:25 +0200] "GET /cURL.php HTTP/1.1" 200 3365
::1 - - [12/Apr/2019:00:26:51 +0200] "GET /cURL.php HTTP/1.1" 200 3665
::1 - - [12/Apr/2019:00:27:53 +0200] "GET /cURL.php HTTP/1.1" 200 2760
::1 - - [12/Apr/2019:00:28:52 +0200] "GET /cURL.php HTTP/1.1" 200 3665
::1 - - [12/Apr/2019:00:30:13 +0200] "GET /cURL.php HTTP/1.1" 200 695
::1 - - [12/Apr/2019:00:33:41 +0200] "GET /cURL.php HTTP/1.1" 200 35
::1 - - [12/Apr/2019:00:36:15 +0200] "GET /cURL.php HTTP/1.1" 200 4175
::1 - - [12/Apr/2019:00:37:06 +0200] "GET /cURL.php HTTP/1.1" 200 4198
::1 - - [12/Apr/2019:00:37:33 +0200] "GET /cURL.php HTTP/1.1" 200 28
::1 - - [12/Apr/2019:00:38:05 +0200] "GET /cURL.php HTTP/1.1" 200 143
::1 - - [12/Apr/2019:00:38:19 +0200] "GET /cURL.php HTTP/1.1" 200 143
::1 - - [12/Apr/2019:00:44:02 +0200] "GET /cURL.php HTTP/1.1" 200 42
::1 - - [12/Apr/2019:00:45:12 +0200] "GET /cURL.php HTTP/1.1" 200 143
::1 - - [12/Apr/2019:00:45:22 +0200] "GET /cURL.php HTTP/1.1" 200 42
::1 - - [12/Apr/2019:00:45:52 +0200] "GET /cURL.php HTTP/1.1" 200 42
::1 - - [12/Apr/2019:00:46:27 +0200] "GET /cURL.php HTTP/1.1" 200 3665
::1 - - [12/Apr/2019:00:47:03 +0200] "GET /cURL.php HTTP/1.1" 200 190
::1 - - [12/Apr/2019:00:47:42 +0200] "GET /cURL.php HTTP/1.1" 200 80
::1 - - [12/Apr/2019:00:53:04 +0200] "GET /cURL.php HTTP/1.1" 200 190
::1 - - [12/Apr/2019:00:54:22 +0200] "GET /cURL.php HTTP/1.1" 200 1133
::1 - - [12/Apr/2019:00:59:49 +0200] "GET /cURL.php HTTP/1.1" 200 353
::1 - - [12/Apr/2019:01:00:27 +0200] "GET /cURL.php HTTP/1.1" 200 473
::1 - - [12/Apr/2019:01:09:12 +0200] "GET /cURL.php HTTP/1.1" 200 241
::1 - - [12/Apr/2019:01:11:49 +0200] "GET /cURL.php HTTP/1.1" 200 1023
::1 - - [12/Apr/2019:01:19:40 +0200] "GET /cURL.php HTTP/1.1" 200 4473
::1 - - [12/Apr/2019:01:23:34 +0200] "GET /cURL.php HTTP/1.1" 200 7079
::1 - - [12/Apr/2019:01:32:38 +0200] "GET /cURL.php HTTP/1.1" 200 341
::1 - - [12/Apr/2019:01:33:30 +0200] "GET /cURL.php HTTP/1.1" 200 978
::1 - - [12/Apr/2019:01:37:44 +0200] "GET /cURL.php HTTP/1.1" 200 978
::1 - - [12/Apr/2019:01:40:21 +0200] "GET /cURL.php HTTP/1.1" 200 978
::1 - - [12/Apr/2019:01:43:16 +0200] "GET /cURL.php HTTP/1.1" 200 4175
::1 - - [12/Apr/2019:01:44:58 +0200] "GET /cURL.php HTTP/1.1" 200 4175
::1 - - [12/Apr/2019:01:46:29 +0200] "GET /cURL.php HTTP/1.1" 200 978
::1 - - [12/Apr/2019:01:48:18 +0200] "GET /cURL.php HTTP/1.1" 200 96
::1 - - [12/Apr/2019:01:53:18 +0200] "-" 408 -
::1 - - [12/Apr/2019:01:55:39 +0200] "GET /cURL.php HTTP/1.1" 200 876
::1 - - [12/Apr/2019:01:58:04 +0200] "GET /cURL.php HTTP/1.1" 200 876
::1 - - [12/Apr/2019:01:59:00 +0200] "GET /cURL.php HTTP/1.1" 200 876
::1 - - [12/Apr/2019:01:59:48 +0200] "GET /cURL.php HTTP/1.1" 200 1852
::1 - - [12/Apr/2019:02:01:48 +0200] "GET /cURL.php HTTP/1.1" 200 182
::1 - - [12/Apr/2019:02:04:11 +0200] "GET /cURL.php HTTP/1.1" 200 170
::1 - - [12/Apr/2019:02:04:18 +0200] "GET /cURL.php HTTP/1.1" 200 170
::1 - - [12/Apr/2019:02:08:50 +0200] "GET /cURL.php HTTP/1.1" 200 5
::1 - - [12/Apr/2019:02:13:06 +0200] "GET /cURL.php HTTP/1.1" 200 5795
::1 - - [12/Apr/2019:02:14:42 +0200] "GET /cURL.php HTTP/1.1" 200 5960
127.0.0.1 - - [12/Apr/2019:02:18:49 +0200] "GET /cURL.php HTTP/1.1" 200 170
::1 - - [12/Apr/2019:02:18:43 +0200] "GET /cURL.php HTTP/1.1" 200 170
::1 - - [12/Apr/2019:02:22:54 +0200] "GET /cURL.php HTTP/1.1" 200 4489
::1 - - [12/Apr/2019:02:32:46 +0200] "GET /cURL.php HTTP/1.1" 200 170
::1 - - [12/Apr/2019:02:37:46 +0200] "-" 408 -
::1 - - [12/Apr/2019:02:37:59 +0200] "GET /cURL.php HTTP/1.1" 200 90204
::1 - - [12/Apr/2019:02:41:16 +0200] "GET /cURL.php HTTP/1.1" 200 84954
::1 - - [12/Apr/2019:02:50:06 +0200] "GET /cURL.php HTTP/1.1" 200 78252
::1 - - [12/Apr/2019:02:51:29 +0200] "GET /cURL.php HTTP/1.1" 200 478
::1 - - [12/Apr/2019:02:52:41 +0200] "GET /cURL.php HTTP/1.1" 200 478
::1 - - [12/Apr/2019:02:53:10 +0200] "GET /cURL.php HTTP/1.1" 200 1034
::1 - - [12/Apr/2019:02:54:50 +0200] "GET /cURL.php HTTP/1.1" 200 1034
::1 - - [12/Apr/2019:02:59:50 +0200] "-" 408 -
::1 - - [12/Apr/2019:03:11:43 +0200] "GET /cURL.php HTTP/1.1" 200 95
::1 - - [12/Apr/2019:03:16:43 +0200] "-" 408 -
::1 - - [12/Apr/2019:03:16:58 +0200] "GET /cURL.php HTTP/1.1" 200 5
::1 - - [12/Apr/2019:03:19:33 +0200] "GET /cURL.php HTTP/1.1" 200 5
::1 - - [12/Apr/2019:03:21:54 +0200] "GET /cURL.php HTTP/1.1" 200 170
::1 - - [12/Apr/2019:10:09:15 +0200] "GET /cURL.php HTTP/1.1" 200 170
::1 - - [12/Apr/2019:10:11:31 +0200] "GET /favicon.ico HTTP/1.1" 404 1191
::1 - - [12/Apr/2019:10:14:30 +0200] "GET /cURL.php HTTP/1.1" 200 170
::1 - - [12/Apr/2019:10:20:16 +0200] "GET /cURL.php HTTP/1.1" 200 2794
::1 - - [12/Apr/2019:10:24:24 +0200] "GET /cURL.php HTTP/1.1" 200 124
::1 - - [12/Apr/2019:10:25:04 +0200] "GET /cURL.php HTTP/1.1" 200 449
::1 - - [12/Apr/2019:10:25:40 +0200] "GET /cURL.php HTTP/1.1" 200 95
::1 - - [12/Apr/2019:10:27:02 +0200] "GET /cURL.php HTTP/1.1" 200 3785
::1 - - [12/Apr/2019:10:29:34 +0200] "GET /cURL.php HTTP/1.1" 200 3785
::1 - - [12/Apr/2019:10:34:34 +0200] "-" 408 -
::1 - - [12/Apr/2019:10:34:59 +0200] "GET /cURL.php HTTP/1.1" 200 170
::1 - - [12/Apr/2019:10:37:59 +0200] "GET /cURL.php HTTP/1.1" 200 4175
::1 - - [12/Apr/2019:10:41:23 +0200] "GET /app/directives.js?v=1 HTTP/1.1" 404 1191
::1 - - [12/Apr/2019:10:41:23 +0200] "GET /css/bootstrap-datetimepicker.css HTTP/1.1" 404 1191
::1 - - [12/Apr/2019:10:41:23 +0200] "GET /js/angular.min.js HTTP/1.1" 404 1191
::1 - - [12/Apr/2019:10:41:23 +0200] "GET /js/angular-route.min.js HTTP/1.1" 404 1191
::1 - - [12/Apr/2019:10:41:23 +0200] "GET /js/ui-bootstrap-tpls-0.11.2.min.js HTTP/1.1" 404 1191
::1 - - [12/Apr/2019:10:41:23 +0200] "GET /css/bootstrap.min.css HTTP/1.1" 404 1191
::1 - - [12/Apr/2019:10:41:23 +0200] "GET /css/custom.css HTTP/1.1" 404 1191
::1 - - [12/Apr/2019:10:41:23 +0200] "GET /js/angular-animate.min.js HTTP/1.1" 404 1191
::1 - - [12/Apr/2019:10:41:23 +0200] "GET /js/angular-file-upload.js HTTP/1.1" 404 1191
::1 - - [12/Apr/2019:10:41:23 +0200] "GET /js/angular-filter.js HTTP/1.1" 404 1191
::1 - - [12/Apr/2019:10:41:23 +0200] "GET /js/Chart.bundle.js HTTP/1.1" 404 1191
::1 - - [12/Apr/2019:10:41:23 +0200] "GET /app/predloziTvrtkaCtrl.js?v=2 HTTP/1.1" 404 1191
::1 - - [12/Apr/2019:10:41:23 +0200] "GET /css/font-awesome.min.css HTTP/1.1" 404 1191
::1 - - [12/Apr/2019:10:41:23 +0200] "GET /js/jquery.min.js HTTP/1.1" 404 1191
::1 - - [12/Apr/2019:10:41:23 +0200] "GET /app/data.js?v=6 HTTP/1.1" 404 1191
::1 - - [12/Apr/2019:10:41:23 +0200] "GET /app/partneriCtrl.js?v=2 HTTP/1.1" 404 1191
::1 - - [12/Apr/2019:10:41:23 +0200] "GET /js/bootstrap.min.js HTTP/1.1" 404 1191
::1 - - [12/Apr/2019:10:41:23 +0200] "GET /app/ispisPrakseCtrl.js?v=4 HTTP/1.1" 404 1191
::1 - - [12/Apr/2019:10:41:23 +0200] "GET /js/underscore.min.js HTTP/1.1" 404 1191
::1 - - [12/Apr/2019:10:41:24 +0200] "GET /js/angular.min.js HTTP/1.1" 404 1191
::1 - - [12/Apr/2019:10:41:24 +0200] "GET /js/ui-bootstrap-tpls-0.11.2.min.js HTTP/1.1" 404 1191
::1 - - [12/Apr/2019:10:41:24 +0200] "GET /js/angular-route.min.js HTTP/1.1" 404 1191
::1 - - [12/Apr/2019:10:41:24 +0200] "GET /js/angular-animate.min.js HTTP/1.1" 404 1191
::1 - - [12/Apr/2019:10:41:24 +0200] "GET /js/angular-file-upload.js HTTP/1.1" 404 1191
::1 - - [12/Apr/2019:10:41:24 +0200] "GET /js/angular-filter.js HTTP/1.1" 404 1191
::1 - - [12/Apr/2019:10:41:24 +0200] "GET /js/Chart.bundle.js HTTP/1.1" 404 1191
::1 - - [12/Apr/2019:10:41:24 +0200] "GET /app/data.js?v=6 HTTP/1.1" 404 1191
::1 - - [12/Apr/2019:10:41:24 +0200] "GET /app/directives.js?v=1 HTTP/1.1" 404 1191
::1 - - [12/Apr/2019:10:41:24 +0200] "GET /app/partneriCtrl.js?v=2 HTTP/1.1" 404 1191
::1 - - [12/Apr/2019:10:41:24 +0200] "GET /app/predloziTvrtkaCtrl.js?v=2 HTTP/1.1" 404 1191
::1 - - [12/Apr/2019:10:41:24 +0200] "GET /app/ispisPrakseCtrl.js?v=4 HTTP/1.1" 404 1191
::1 - - [12/Apr/2019:10:41:24 +0200] "GET /js/jquery.min.js HTTP/1.1" 404 1191
::1 - - [12/Apr/2019:10:41:24 +0200] "GET /js/bootstrap.min.js HTTP/1.1" 404 1191
::1 - - [12/Apr/2019:10:41:24 +0200] "GET /js/underscore.min.js HTTP/1.1" 404 1191
::1 - - [12/Apr/2019:10:41:24 +0200] "GET /css/bootstrap.min.css HTTP/1.1" 404 1191
::1 - - [12/Apr/2019:10:41:24 +0200] "GET /css/bootstrap-datetimepicker.css HTTP/1.1" 404 1191
::1 - - [12/Apr/2019:10:41:24 +0200] "GET /css/custom.css HTTP/1.1" 404 1191
::1 - - [12/Apr/2019:10:41:24 +0200] "GET /css/font-awesome.min.css HTTP/1.1" 404 1191
::1 - - [12/Apr/2019:10:41:27 +0200] "GET /js/angular.min.js HTTP/1.1" 404 1191
::1 - - [12/Apr/2019:10:41:27 +0200] "GET /js/angular-animate.min.js HTTP/1.1" 404 1191
::1 - - [12/Apr/2019:10:41:27 +0200] "GET /js/angular-route.min.js HTTP/1.1" 404 1191
::1 - - [12/Apr/2019:10:41:27 +0200] "GET /js/ui-bootstrap-tpls-0.11.2.min.js HTTP/1.1" 404 1191
::1 - - [12/Apr/2019:10:41:27 +0200] "GET /js/angular-filter.js HTTP/1.1" 404 1191
::1 - - [12/Apr/2019:10:41:27 +0200] "GET /js/Chart.bundle.js HTTP/1.1" 404 1191
::1 - - [12/Apr/2019:10:41:27 +0200] "GET /app/data.js?v=6 HTTP/1.1" 404 1191
::1 - - [12/Apr/2019:10:41:27 +0200] "GET /app/directives.js?v=1 HTTP/1.1" 404 1191
::1 - - [12/Apr/2019:10:41:27 +0200] "GET /js/angular-file-upload.js HTTP/1.1" 404 1191
::1 - - [12/Apr/2019:10:41:27 +0200] "GET /app/partneriCtrl.js?v=2 HTTP/1.1" 404 1191
::1 - - [12/Apr/2019:10:41:27 +0200] "GET /app/ispisPrakseCtrl.js?v=4 HTTP/1.1" 404 1191
::1 - - [12/Apr/2019:10:41:27 +0200] "GET /app/predloziTvrtkaCtrl.js?v=2 HTTP/1.1" 404 1191
::1 - - [12/Apr/2019:10:41:27 +0200] "GET /js/jquery.min.js HTTP/1.1" 404 1191
::1 - - [12/Apr/2019:10:41:27 +0200] "GET /js/bootstrap.min.js HTTP/1.1" 404 1191
::1 - - [12/Apr/2019:10:41:27 +0200] "GET /css/bootstrap.min.css HTTP/1.1" 404 1191
::1 - - [12/Apr/2019:10:41:27 +0200] "GET /js/underscore.min.js HTTP/1.1" 404 1191
::1 - - [12/Apr/2019:10:41:27 +0200] "GET /css/bootstrap-datetimepicker.css HTTP/1.1" 404 1191
::1 - - [12/Apr/2019:10:41:27 +0200] "GET /css/font-awesome.min.css HTTP/1.1" 404 1191
::1 - - [12/Apr/2019:10:41:27 +0200] "GET /css/custom.css HTTP/1.1" 404 1191
::1 - - [12/Apr/2019:10:41:27 +0200] "GET /js/angular-route.min.js HTTP/1.1" 404 1191
::1 - - [12/Apr/2019:10:41:27 +0200] "GET /js/angular-animate.min.js HTTP/1.1" 404 1191
::1 - - [12/Apr/2019:10:41:27 +0200] "GET /js/angular-file-upload.js HTTP/1.1" 404 1191
::1 - - [12/Apr/2019:10:41:27 +0200] "GET /js/angular-filter.js HTTP/1.1" 404 1191
::1 - - [12/Apr/2019:10:41:27 +0200] "GET /js/Chart.bundle.js HTTP/1.1" 404 1191
::1 - - [12/Apr/2019:10:41:27 +0200] "GET /app/data.js?v=6 HTTP/1.1" 404 1191
::1 - - [12/Apr/2019:10:41:27 +0200] "GET /app/directives.js?v=1 HTTP/1.1" 404 1191
::1 - - [12/Apr/2019:10:41:27 +0200] "GET /app/partneriCtrl.js?v=2 HTTP/1.1" 404 1191
::1 - - [12/Apr/2019:10:41:27 +0200] "GET /app/predloziTvrtkaCtrl.js?v=2 HTTP/1.1" 404 1191
::1 - - [12/Apr/2019:10:41:27 +0200] "GET /app/ispisPrakseCtrl.js?v=4 HTTP/1.1" 404 1191
::1 - - [12/Apr/2019:10:41:27 +0200] "GET /js/jquery.min.js HTTP/1.1" 404 1191
::1 - - [12/Apr/2019:10:41:27 +0200] "GET /js/bootstrap.min.js HTTP/1.1" 404 1191
::1 - - [12/Apr/2019:10:41:27 +0200] "GET /js/underscore.min.js HTTP/1.1" 404 1191
::1 - - [12/Apr/2019:10:41:27 +0200] "GET /css/bootstrap.min.css HTTP/1.1" 404 1191
::1 - - [12/Apr/2019:10:41:27 +0200] "GET /css/bootstrap-datetimepicker.css HTTP/1.1" 404 1191
::1 - - [12/Apr/2019:10:41:27 +0200] "GET /css/font-awesome.min.css HTTP/1.1" 404 1191
::1 - - [12/Apr/2019:10:41:27 +0200] "GET /css/custom.css HTTP/1.1" 404 1191
::1 - - [12/Apr/2019:10:41:30 +0200] "GET /js/angular-file-upload.js HTTP/1.1" 404 1191
::1 - - [12/Apr/2019:10:41:30 +0200] "GET /js/angular-animate.min.js HTTP/1.1" 404 1191
::1 - - [12/Apr/2019:10:41:30 +0200] "GET /js/angular-route.min.js HTTP/1.1" 404 1191
::1 - - [12/Apr/2019:10:41:30 +0200] "GET /js/angular.min.js HTTP/1.1" 404 1191
::1 - - [12/Apr/2019:10:41:30 +0200] "GET /js/ui-bootstrap-tpls-0.11.2.min.js HTTP/1.1" 404 1191
::1 - - [12/Apr/2019:10:41:30 +0200] "GET /css/bootstrap.min.css HTTP/1.1" 404 1191
::1 - - [12/Apr/2019:10:41:30 +0200] "GET /css/font-awesome.min.css HTTP/1.1" 404 1191
::1 - - [12/Apr/2019:10:41:30 +0200] "GET /css/bootstrap-datetimepicker.css HTTP/1.1" 404 1191
::1 - - [12/Apr/2019:10:41:30 +0200] "GET /css/custom.css HTTP/1.1" 404 1191
::1 - - [12/Apr/2019:10:41:30 +0200] "GET /js/angular-filter.js HTTP/1.1" 404 1191
::1 - - [12/Apr/2019:10:41:30 +0200] "GET /js/Chart.bundle.js HTTP/1.1" 404 1191
::1 - - [12/Apr/2019:10:41:30 +0200] "GET /app/directives.js?v=1 HTTP/1.1" 404 1191
::1 - - [12/Apr/2019:10:41:30 +0200] "GET /app/data.js?v=6 HTTP/1.1" 404 1191
::1 - - [12/Apr/2019:10:41:30 +0200] "GET /app/predloziTvrtkaCtrl.js?v=2 HTTP/1.1" 404 1191
::1 - - [12/Apr/2019:10:41:30 +0200] "GET /app/ispisPrakseCtrl.js?v=4 HTTP/1.1" 404 1191
::1 - - [12/Apr/2019:10:41:30 +0200] "GET /js/jquery.min.js HTTP/1.1" 404 1191
::1 - - [12/Apr/2019:10:41:30 +0200] "GET /js/bootstrap.min.js HTTP/1.1" 404 1191
::1 - - [12/Apr/2019:10:41:30 +0200] "GET /js/underscore.min.js HTTP/1.1" 404 1191
::1 - - [12/Apr/2019:10:41:30 +0200] "GET /app/partneriCtrl.js?v=2 HTTP/1.1" 404 1191
::1 - - [12/Apr/2019:10:41:31 +0200] "GET /js/angular.min.js HTTP/1.1" 404 1191
::1 - - [12/Apr/2019:10:41:31 +0200] "GET /js/ui-bootstrap-tpls-0.11.2.min.js HTTP/1.1" 404 1191
::1 - - [12/Apr/2019:10:41:31 +0200] "GET /js/angular-route.min.js HTTP/1.1" 404 1191
::1 - - [12/Apr/2019:10:41:31 +0200] "GET /js/angular-animate.min.js HTTP/1.1" 404 1191
::1 - - [12/Apr/2019:10:41:31 +0200] "GET /js/angular-file-upload.js HTTP/1.1" 404 1191
::1 - - [12/Apr/2019:10:41:31 +0200] "GET /js/angular-filter.js HTTP/1.1" 404 1191
::1 - - [12/Apr/2019:10:41:31 +0200] "GET /js/Chart.bundle.js HTTP/1.1" 404 1191
::1 - - [12/Apr/2019:10:41:31 +0200] "GET /app/data.js?v=6 HTTP/1.1" 404 1191
::1 - - [12/Apr/2019:10:41:31 +0200] "GET /app/directives.js?v=1 HTTP/1.1" 404 1191
::1 - - [12/Apr/2019:10:41:31 +0200] "GET /app/predloziTvrtkaCtrl.js?v=2 HTTP/1.1" 404 1191
::1 - - [12/Apr/2019:10:41:31 +0200] "GET /app/partneriCtrl.js?v=2 HTTP/1.1" 404 1191
::1 - - [12/Apr/2019:10:41:31 +0200] "GET /app/ispisPrakseCtrl.js?v=4 HTTP/1.1" 404 1191
::1 - - [12/Apr/2019:10:41:31 +0200] "GET /js/jquery.min.js HTTP/1.1" 404 1191
::1 - - [12/Apr/2019:10:41:31 +0200] "GET /js/bootstrap.min.js HTTP/1.1" 404 1191
::1 - - [12/Apr/2019:10:41:31 +0200] "GET /js/underscore.min.js HTTP/1.1" 404 1191
::1 - - [12/Apr/2019:10:41:31 +0200] "GET /css/bootstrap.min.css HTTP/1.1" 404 1191
::1 - - [12/Apr/2019:10:41:31 +0200] "GET /css/bootstrap-datetimepicker.css HTTP/1.1" 404 1191
::1 - - [12/Apr/2019:10:41:31 +0200] "GET /css/font-awesome.min.css HTTP/1.1" 404 1191
::1 - - [12/Apr/2019:10:41:31 +0200] "GET /css/custom.css HTTP/1.1" 404 1191
::1 - - [12/Apr/2019:10:41:34 +0200] "GET /js/ui-bootstrap-tpls-0.11.2.min.js HTTP/1.1" 404 1191
::1 - - [12/Apr/2019:10:41:34 +0200] "GET /js/angular-animate.min.js HTTP/1.1" 404 1191
::1 - - [12/Apr/2019:10:41:34 +0200] "GET /js/angular-route.min.js HTTP/1.1" 404 1191
::1 - - [12/Apr/2019:10:41:34 +0200] "GET /js/angular.min.js HTTP/1.1" 404 1191
::1 - - [12/Apr/2019:10:41:34 +0200] "GET /css/bootstrap.min.css HTTP/1.1" 404 1191
::1 - - [12/Apr/2019:10:41:34 +0200] "GET /css/font-awesome.min.css HTTP/1.1" 404 1191
::1 - - [12/Apr/2019:10:41:34 +0200] "GET /css/bootstrap-datetimepicker.css HTTP/1.1" 404 1191
::1 - - [12/Apr/2019:10:41:34 +0200] "GET /css/custom.css HTTP/1.1" 404 1191
::1 - - [12/Apr/2019:10:41:34 +0200] "GET /js/angular-file-upload.js HTTP/1.1" 404 1191
::1 - - [12/Apr/2019:10:41:34 +0200] "GET /js/angular-filter.js HTTP/1.1" 404 1191
::1 - - [12/Apr/2019:10:41:34 +0200] "GET /js/Chart.bundle.js HTTP/1.1" 404 1191
::1 - - [12/Apr/2019:10:41:34 +0200] "GET /app/data.js?v=6 HTTP/1.1" 404 1191
::1 - - [12/Apr/2019:10:41:34 +0200] "GET /app/directives.js?v=1 HTTP/1.1" 404 1191
::1 - - [12/Apr/2019:10:41:34 +0200] "GET /app/partneriCtrl.js?v=2 HTTP/1.1" 404 1191
::1 - - [12/Apr/2019:10:41:34 +0200] "GET /app/predloziTvrtkaCtrl.js?v=2 HTTP/1.1" 404 1191
::1 - - [12/Apr/2019:10:41:34 +0200] "GET /js/bootstrap.min.js HTTP/1.1" 404 1191
::1 - - [12/Apr/2019:10:41:34 +0200] "GET /js/jquery.min.js HTTP/1.1" 404 1191
::1 - - [12/Apr/2019:10:41:34 +0200] "GET /js/underscore.min.js HTTP/1.1" 404 1191
::1 - - [12/Apr/2019:10:41:34 +0200] "GET /app/ispisPrakseCtrl.js?v=4 HTTP/1.1" 404 1191
::1 - - [12/Apr/2019:10:41:34 +0200] "GET /js/angular.min.js HTTP/1.1" 404 1191
::1 - - [12/Apr/2019:10:41:34 +0200] "GET /js/ui-bootstrap-tpls-0.11.2.min.js HTTP/1.1" 404 1191
::1 - - [12/Apr/2019:10:41:34 +0200] "GET /js/angular-route.min.js HTTP/1.1" 404 1191
::1 - - [12/Apr/2019:10:41:34 +0200] "GET /js/angular-animate.min.js HTTP/1.1" 404 1191
::1 - - [12/Apr/2019:10:41:34 +0200] "GET /js/angular-file-upload.js HTTP/1.1" 404 1191
::1 - - [12/Apr/2019:10:41:34 +0200] "GET /js/angular-filter.js HTTP/1.1" 404 1191
::1 - - [12/Apr/2019:10:41:34 +0200] "GET /js/Chart.bundle.js HTTP/1.1" 404 1191
::1 - - [12/Apr/2019:10:41:34 +0200] "GET /app/data.js?v=6 HTTP/1.1" 404 1191
::1 - - [12/Apr/2019:10:41:34 +0200] "GET /app/directives.js?v=1 HTTP/1.1" 404 1191
::1 - - [12/Apr/2019:10:41:34 +0200] "GET /app/partneriCtrl.js?v=2 HTTP/1.1" 404 1191
::1 - - [12/Apr/2019:10:41:34 +0200] "GET /app/predloziTvrtkaCtrl.js?v=2 HTTP/1.1" 404 1191
::1 - - [12/Apr/2019:10:41:34 +0200] "GET /app/ispisPrakseCtrl.js?v=4 HTTP/1.1" 404 1191
::1 - - [12/Apr/2019:10:41:34 +0200] "GET /js/jquery.min.js HTTP/1.1" 404 1191
::1 - - [12/Apr/2019:10:41:34 +0200] "GET /js/bootstrap.min.js HTTP/1.1" 404 1191
::1 - - [12/Apr/2019:10:41:34 +0200] "GET /js/underscore.min.js HTTP/1.1" 404 1191
::1 - - [12/Apr/2019:10:41:34 +0200] "GET /css/bootstrap.min.css HTTP/1.1" 404 1191
::1 - - [12/Apr/2019:10:41:34 +0200] "GET /css/bootstrap-datetimepicker.css HTTP/1.1" 404 1191
::1 - - [12/Apr/2019:10:41:34 +0200] "GET /css/font-awesome.min.css HTTP/1.1" 404 1191
::1 - - [12/Apr/2019:10:41:34 +0200] "GET /css/custom.css HTTP/1.1" 404 1191
::1 - - [12/Apr/2019:10:41:02 +0200] "GET /cURL.php HTTP/1.1" 200 4157126
::1 - - [12/Apr/2019:10:42:00 +0200] "GET /cURL.php HTTP/1.1" 200 82818
::1 - - [12/Apr/2019:10:45:01 +0200] "GET /cURL.php HTTP/1.1" 200 144
::1 - - [12/Apr/2019:10:45:14 +0200] "GET /cURL.php HTTP/1.1" 200 5
::1 - - [12/Apr/2019:10:50:14 +0200] "-" 408 -
::1 - - [12/Apr/2019:10:58:37 +0200] "GET /cURL.php HTTP/1.1" 200 362
::1 - - [12/Apr/2019:11:00:17 +0200] "GET /cURL.php HTTP/1.1" 200 6790
::1 - - [12/Apr/2019:11:04:10 +0200] "GET /cURL.php HTTP/1.1" 200 92140
::1 - - [12/Apr/2019:11:08:20 +0200] "GET /cURL.php HTTP/1.1" 200 92140
::1 - - [12/Apr/2019:11:12:02 +0200] "GET /cURL.php HTTP/1.1" 200 92260
::1 - - [12/Apr/2019:11:15:05 +0200] "GET /cURL.php HTTP/1.1" 200 598
::1 - - [12/Apr/2019:11:18:51 +0200] "GET /cURL.php HTTP/1.1" 200 2195
::1 - - [12/Apr/2019:11:22:54 +0200] "GET /cURL.php HTTP/1.1" 200 1116
::1 - - [12/Apr/2019:11:26:39 +0200] "GET /cURL.php HTTP/1.1" 200 1116
::1 - - [12/Apr/2019:11:28:44 +0200] "GET /phpmyadmin HTTP/1.1" 301 335
::1 - - [12/Apr/2019:11:28:44 +0200] "GET /phpmyadmin/ HTTP/1.1" 200 13290
::1 - - [12/Apr/2019:11:28:46 +0200] "GET /phpmyadmin/js/vendor/codemirror/lib/codemirror.css?v=4.8.4 HTTP/1.1" 200 8542
::1 - - [12/Apr/2019:11:28:46 +0200] "GET /phpmyadmin/themes/pmahomme/jquery/jquery-ui.css HTTP/1.1" 200 36566
::1 - - [12/Apr/2019:11:28:46 +0200] "GET /phpmyadmin/js/vendor/codemirror/addon/hint/show-hint.css?v=4.8.4 HTTP/1.1" 200 623
::1 - - [12/Apr/2019:11:28:46 +0200] "GET /phpmyadmin/js/vendor/codemirror/addon/lint/lint.css?v=4.8.4 HTTP/1.1" 200 2999
::1 - - [12/Apr/2019:11:28:46 +0200] "GET /phpmyadmin/js/vendor/jquery/jquery-migrate.js?v=4.8.4 HTTP/1.1" 200 17813
::1 - - [12/Apr/2019:11:28:46 +0200] "GET /phpmyadmin/js/ajax.js?v=4.8.4 HTTP/1.1" 200 31246
::1 - - [12/Apr/2019:11:28:46 +0200] "GET /phpmyadmin/js/vendor/sprintf.js?v=4.8.4 HTTP/1.1" 200 7387
::1 - - [12/Apr/2019:11:28:46 +0200] "GET /phpmyadmin/js/whitelist.php?v=4.8.4&lang=en HTTP/1.1" 200 57
::1 - - [12/Apr/2019:11:28:46 +0200] "GET /phpmyadmin/js/keyhandler.js?v=4.8.4 HTTP/1.1" 200 3333
::1 - - [12/Apr/2019:11:28:46 +0200] "GET /phpmyadmin/js/vendor/jquery/jquery.min.js?v=4.8.4 HTTP/1.1" 200 86927
::1 - - [12/Apr/2019:11:28:46 +0200] "GET /phpmyadmin/js/vendor/jquery/jquery.mousewheel.js?v=4.8.4 HTTP/1.1" 200 8267
::1 - - [12/Apr/2019:11:28:46 +0200] "GET /phpmyadmin/js/vendor/js.cookie.js?v=4.8.4 HTTP/1.1" 200 3886
::1 - - [12/Apr/2019:11:28:46 +0200] "GET /phpmyadmin/js/vendor/jquery/jquery.event.drag-2.2.js?v=4.8.4 HTTP/1.1" 200 12826
::1 - - [12/Apr/2019:11:28:46 +0200] "GET /phpmyadmin/js/vendor/jquery/jquery.ba-hashchange-1.3.js?v=4.8.4 HTTP/1.1" 200 16522
::1 - - [12/Apr/2019:11:28:46 +0200] "GET /phpmyadmin/js/vendor/jquery/jquery-ui-timepicker-addon.js?v=4.8.4 HTTP/1.1" 200 78475
::1 - - [12/Apr/2019:11:28:46 +0200] "GET /phpmyadmin/js/vendor/jquery/jquery.validate.js?v=4.8.4 HTTP/1.1" 200 48696
::1 - - [12/Apr/2019:11:28:46 +0200] "GET /phpmyadmin/js/vendor/jquery/jquery.debounce-1.0.5.js?v=4.8.4 HTTP/1.1" 200 1169
::1 - - [12/Apr/2019:11:28:46 +0200] "GET /phpmyadmin/js/cross_framing_protection.js?v=4.8.4 HTTP/1.1" 200 471
::1 - - [12/Apr/2019:11:28:46 +0200] "GET /phpmyadmin/js/menu-resizer.js?v=4.8.4 HTTP/1.1" 200 8318
::1 - - [12/Apr/2019:11:28:46 +0200] "GET /phpmyadmin/js/error_report.js?v=4.8.4 HTTP/1.1" 200 10098
::1 - - [12/Apr/2019:11:28:46 +0200] "GET /phpmyadmin/js/rte.js?v=4.8.4 HTTP/1.1" 200 47678
::1 - - [12/Apr/2019:11:28:46 +0200] "GET /phpmyadmin/js/doclinks.js?v=4.8.4 HTTP/1.1" 200 20643
::1 - - [12/Apr/2019:11:28:46 +0200] "GET /phpmyadmin/js/vendor/tracekit.js?v=4.8.4 HTTP/1.1" 200 45389
::1 - - [12/Apr/2019:11:28:46 +0200] "GET /phpmyadmin/js/vendor/jquery/jquery-ui.min.js?v=4.8.4 HTTP/1.1" 200 253681
::1 - - [12/Apr/2019:11:28:46 +0200] "GET /phpmyadmin/js/config.js?v=4.8.4 HTTP/1.1" 200 26929
::1 - - [12/Apr/2019:11:28:46 +0200] "GET /phpmyadmin/js/navigation.js?v=4.8.4 HTTP/1.1" 200 60076
::1 - - [12/Apr/2019:11:28:46 +0200] "GET /phpmyadmin/js/page_settings.js?v=4.8.4 HTTP/1.1" 200 1749
::1 - - [12/Apr/2019:11:28:46 +0200] "GET /phpmyadmin/js/indexes.js?v=4.8.4 HTTP/1.1" 200 27242
::1 - - [12/Apr/2019:11:28:46 +0200] "GET /phpmyadmin/js/common.js?v=4.8.4 HTTP/1.1" 200 19168
::1 - - [12/Apr/2019:11:28:46 +0200] "GET /phpmyadmin/js/shortcuts_handler.js?v=4.8.4 HTTP/1.1" 200 3264
::1 - - [12/Apr/2019:11:28:46 +0200] "GET /phpmyadmin/js/functions.js?v=4.8.4 HTTP/1.1" 200 173667
::1 - - [12/Apr/2019:11:28:46 +0200] "GET /phpmyadmin/js/vendor/codemirror/addon/runmode/runmode.js?v=4.8.4 HTTP/1.1" 200 2499
::1 - - [12/Apr/2019:11:28:46 +0200] "GET /phpmyadmin/js/vendor/codemirror/addon/hint/show-hint.js?v=4.8.4 HTTP/1.1" 200 15909
::1 - - [12/Apr/2019:11:28:46 +0200] "GET /phpmyadmin/js/vendor/codemirror/mode/sql/sql.js?v=4.8.4 HTTP/1.1" 200 45323
::1 - - [12/Apr/2019:11:28:46 +0200] "GET /phpmyadmin/js/vendor/codemirror/addon/lint/lint.js?v=4.8.4 HTTP/1.1" 200 8609
::1 - - [12/Apr/2019:11:28:46 +0200] "GET /phpmyadmin/js/codemirror/addon/lint/sql-lint.js?v=4.8.4 HTTP/1.1" 200 1048
::1 - - [12/Apr/2019:11:28:46 +0200] "GET /phpmyadmin/js/vendor/codemirror/addon/hint/sql-hint.js?v=4.8.4 HTTP/1.1" 200 9148
::1 - - [12/Apr/2019:11:28:46 +0200] "GET /phpmyadmin/themes/dot.gif HTTP/1.1" 200 43
::1 - - [12/Apr/2019:11:28:46 +0200] "GET /phpmyadmin/themes/pmahomme/img/logo_left.png HTTP/1.1" 200 2713
::1 - - [12/Apr/2019:11:28:46 +0200] "GET /phpmyadmin/themes/pmahomme/css/printview.css?v=4.8.4 HTTP/1.1" 200 2746
::1 - - [12/Apr/2019:11:28:46 +0200] "GET /phpmyadmin/js/console.js?v=4.8.4 HTTP/1.1" 200 57278
::1 - - [12/Apr/2019:11:28:46 +0200] "GET /phpmyadmin/js/vendor/codemirror/lib/codemirror.js?v=4.8.4 HTTP/1.1" 200 373234
::1 - - [12/Apr/2019:11:28:46 +0200] "GET /phpmyadmin/phpmyadmin.css.php?nocache=6192714999ltr&server=1 HTTP/1.1" 200 20760
::1 - - [12/Apr/2019:11:28:46 +0200] "GET /phpmyadmin/js/messages.php?l=en&v=4.8.4&lang=en HTTP/1.1" 200 8822
::1 - - [12/Apr/2019:11:28:47 +0200] "GET /phpmyadmin/themes/pmahomme/img/b_docs.png HTTP/1.1" 200 705
::1 - - [12/Apr/2019:11:28:47 +0200] "GET /phpmyadmin/themes/pmahomme/img/s_loggoff.png HTTP/1.1" 200 626
::1 - - [12/Apr/2019:11:28:47 +0200] "GET /phpmyadmin/themes/pmahomme/img/b_home.png HTTP/1.1" 200 734
::1 - - [12/Apr/2019:11:28:47 +0200] "GET /phpmyadmin/themes/pmahomme/img/left_nav_bg.png HTTP/1.1" 200 146
::1 - - [12/Apr/2019:11:28:47 +0200] "GET /phpmyadmin/themes/pmahomme/img/ajax_clock_small.gif HTTP/1.1" 200 1810
::1 - - [12/Apr/2019:11:28:47 +0200] "GET /phpmyadmin/themes/pmahomme/img/b_sqlhelp.png HTTP/1.1" 200 512
::1 - - [12/Apr/2019:11:28:47 +0200] "GET /phpmyadmin/themes/pmahomme/img/s_cog.png HTTP/1.1" 200 442
::1 - - [12/Apr/2019:11:28:47 +0200] "GET /phpmyadmin/themes/pmahomme/img/s_reload.png HTTP/1.1" 200 527
::1 - - [12/Apr/2019:11:28:47 +0200] "GET /phpmyadmin/themes/pmahomme/img/s_link.png HTTP/1.1" 200 280
::1 - - [12/Apr/2019:11:28:47 +0200] "GET /phpmyadmin/themes/pmahomme/img/b_newdb.png HTTP/1.1" 200 585
::1 - - [12/Apr/2019:11:28:47 +0200] "GET /phpmyadmin/themes/pmahomme/img/b_plus.png HTTP/1.1" 200 143
::1 - - [12/Apr/2019:11:28:47 +0200] "GET /phpmyadmin/themes/pmahomme/img/s_db.png HTTP/1.1" 200 328
::1 - - [12/Apr/2019:11:28:47 +0200] "GET /phpmyadmin/themes/pmahomme/img/s_rights.png HTTP/1.1" 200 461
::1 - - [12/Apr/2019:11:28:47 +0200] "GET /phpmyadmin/themes/pmahomme/img/b_sql.png HTTP/1.1" 200 680
::1 - - [12/Apr/2019:11:28:47 +0200] "GET /phpmyadmin/themes/pmahomme/img/s_host.png HTTP/1.1" 200 591
::1 - - [12/Apr/2019:11:28:47 +0200] "GET /phpmyadmin/themes/pmahomme/img/b_export.png HTTP/1.1" 200 514
::1 - - [12/Apr/2019:11:28:47 +0200] "GET /phpmyadmin/themes/pmahomme/img/s_status.png HTTP/1.1" 200 600
::1 - - [12/Apr/2019:11:28:47 +0200] "GET /phpmyadmin/themes/pmahomme/img/s_vars.png HTTP/1.1" 200 523
::1 - - [12/Apr/2019:11:28:47 +0200] "GET /phpmyadmin/themes/pmahomme/img/b_import.png HTTP/1.1" 200 556
::1 - - [12/Apr/2019:11:28:47 +0200] "GET /phpmyadmin/themes/pmahomme/img/s_asci.png HTTP/1.1" 200 148
::1 - - [12/Apr/2019:11:28:47 +0200] "GET /phpmyadmin/themes/pmahomme/img/b_engine.png HTTP/1.1" 200 398
::1 - - [12/Apr/2019:11:28:47 +0200] "GET /phpmyadmin/themes/pmahomme/img/b_plugin.png HTTP/1.1" 200 512
::1 - - [12/Apr/2019:11:28:47 +0200] "GET /phpmyadmin/themes/pmahomme/img/b_tblops.png HTTP/1.1" 200 537
::1 - - [12/Apr/2019:11:28:47 +0200] "GET /phpmyadmin/themes/pmahomme/img/console.png HTTP/1.1" 200 292
::1 - - [12/Apr/2019:11:28:47 +0200] "GET /phpmyadmin/themes/pmahomme/img/s_replication.png HTTP/1.1" 200 399
::1 - - [12/Apr/2019:11:28:47 +0200] "GET /phpmyadmin/themes/pmahomme/img/s_top.png HTTP/1.1" 200 220
::1 - - [12/Apr/2019:11:28:47 +0200] "GET /phpmyadmin/themes/pmahomme/img/b_help.png HTTP/1.1" 200 705
::1 - - [12/Apr/2019:11:28:47 +0200] "GET /phpmyadmin/themes/pmahomme/img/s_lang.png HTTP/1.1" 200 659
::1 - - [12/Apr/2019:11:28:47 +0200] "GET /phpmyadmin/themes/pmahomme/img/s_theme.png HTTP/1.1" 200 772
::1 - - [12/Apr/2019:11:28:47 +0200] "GET /phpmyadmin/themes/pmahomme/img/window-new.png HTTP/1.1" 200 468
::1 - - [12/Apr/2019:11:28:47 +0200] "POST /phpmyadmin/ajax.php HTTP/1.1" 200 1386
::1 - - [12/Apr/2019:11:28:47 +0200] "GET /phpmyadmin/themes/pmahomme/img/b_more.png HTTP/1.1" 200 111
::1 - - [12/Apr/2019:11:28:47 +0200] "POST /phpmyadmin/ajax.php HTTP/1.1" 200 1483
::1 - - [12/Apr/2019:11:28:47 +0200] "POST /phpmyadmin/navigation.php?ajax_request=1&lang=en HTTP/1.1" 200 2147
::1 - - [12/Apr/2019:11:28:47 +0200] "GET /phpmyadmin/favicon.ico HTTP/1.1" 200 22486
::1 - - [12/Apr/2019:11:28:47 +0200] "POST /phpmyadmin/ajax.php HTTP/1.1" 200 1378
::1 - - [12/Apr/2019:11:28:47 +0200] "POST /phpmyadmin/db_structure.php?ajax_request=1&favorite_table=1&sync_favorite_tables=1&lang=en HTTP/1.1" 200 143
::1 - - [12/Apr/2019:11:28:47 +0200] "POST /phpmyadmin/version_check.php HTTP/1.1" 200 48
::1 - - [12/Apr/2019:11:28:52 +0200] "GET /phpmyadmin/server_databases.php?server=1&ajax_request=true&ajax_page_request=true&_nocache=1555061332309663855&token=%3C1nui%2C9_F%5D14%25KlI HTTP/1.1" 200 6213
::1 - - [12/Apr/2019:11:28:52 +0200] "GET /phpmyadmin/themes/pmahomme/img/s_asc.png HTTP/1.1" 200 146
::1 - - [12/Apr/2019:11:28:52 +0200] "GET /phpmyadmin/themes/pmahomme/img/b_deltbl.png HTTP/1.1" 200 577
::1 - - [12/Apr/2019:11:28:52 +0200] "GET /phpmyadmin/themes/pmahomme/img/s_notice.png HTTP/1.1" 200 567
::1 - - [12/Apr/2019:11:28:52 +0200] "GET /phpmyadmin/themes/pmahomme/img/arrow_ltr.png HTTP/1.1" 200 101
::1 - - [12/Apr/2019:11:28:52 +0200] "GET /phpmyadmin/js/server_databases.js?v=4.8.4 HTTP/1.1" 200 5692
::1 - - [12/Apr/2019:11:28:56 +0200] "POST /phpmyadmin/server_databases.php HTTP/1.1" 200 1783
::1 - - [12/Apr/2019:11:28:56 +0200] "GET /phpmyadmin/themes/pmahomme/img/s_success.png HTTP/1.1" 200 465
::1 - - [12/Apr/2019:11:28:56 +0200] "POST /phpmyadmin/navigation.php?ajax_request=1&lang=en HTTP/1.1" 200 2178
::1 - - [12/Apr/2019:11:28:56 +0200] "GET /phpmyadmin/db_structure.php?db=radovi&ajax_request=true&ajax_page_request=true&_nocache=1555061336544132022&token=%3C1nui%2C9_F%5D14%25KlI HTTP/1.1" 200 2772
::1 - - [12/Apr/2019:11:28:56 +0200] "GET /phpmyadmin/themes/pmahomme/img/b_triggers.png HTTP/1.1" 200 446
::1 - - [12/Apr/2019:11:28:56 +0200] "GET /phpmyadmin/themes/pmahomme/img/eye.png HTTP/1.1" 200 663
::1 - - [12/Apr/2019:11:28:56 +0200] "GET /phpmyadmin/themes/pmahomme/img/b_props.png HTTP/1.1" 200 573
::1 - - [12/Apr/2019:11:28:56 +0200] "GET /phpmyadmin/themes/pmahomme/img/centralColumns.png HTTP/1.1" 200 586
::1 - - [12/Apr/2019:11:28:56 +0200] "GET /phpmyadmin/themes/pmahomme/img/b_routines.png HTTP/1.1" 200 306
::1 - - [12/Apr/2019:11:28:56 +0200] "GET /phpmyadmin/themes/pmahomme/img/b_search.png HTTP/1.1" 200 538
::1 - - [12/Apr/2019:11:28:56 +0200] "GET /phpmyadmin/themes/pmahomme/img/b_events.png HTTP/1.1" 200 703
::1 - - [12/Apr/2019:11:28:56 +0200] "GET /phpmyadmin/themes/pmahomme/img/b_relations.png HTTP/1.1" 200 140
::1 - - [12/Apr/2019:11:28:56 +0200] "GET /phpmyadmin/themes/pmahomme/img/b_table_add.png HTTP/1.1" 200 571
::1 - - [12/Apr/2019:11:28:56 +0200] "GET /phpmyadmin/js/db_structure.js?v=4.8.4 HTTP/1.1" 200 15803
::1 - - [12/Apr/2019:11:28:56 +0200] "GET /phpmyadmin/js/tbl_change.js?v=4.8.4 HTTP/1.1" 200 29050
::1 - - [12/Apr/2019:11:28:56 +0200] "GET /phpmyadmin/navigation.php?ajax_request=1&lang=en&aPath=cm9vdA%3D%3D.cmFkb3Zp&vPath=cm9vdA%3D%3D.cmFkb3Zp&pos=0&pos2_name=&pos2_value=&searchClause=&searchClause2=&_nocache=1555061336820903642&token=%3C1nui%2C9_F%5D14%25KlI HTTP/1.1" 200 1400
::1 - - [12/Apr/2019:11:28:56 +0200] "GET /phpmyadmin/themes/pmahomme/img/b_minus.png HTTP/1.1" 200 123
::1 - - [12/Apr/2019:11:29:04 +0200] "GET /phpmyadmin/themes/pmahomme/img/s_lock.png HTTP/1.1" 200 667
::1 - - [12/Apr/2019:11:29:19 +0200] "POST /phpmyadmin/tbl_create.php HTTP/1.1" 200 44143
::1 - - [12/Apr/2019:11:29:21 +0200] "GET /phpmyadmin/themes/pmahomme/img/s_tbl.png HTTP/1.1" 200 645
::1 - - [12/Apr/2019:11:29:21 +0200] "GET /phpmyadmin/themes/pmahomme/img/b_browse.png HTTP/1.1" 200 486
::1 - - [12/Apr/2019:11:29:21 +0200] "GET /phpmyadmin/themes/pmahomme/img/b_insrow.png HTTP/1.1" 200 157
::1 - - [12/Apr/2019:11:29:21 +0200] "GET /phpmyadmin/themes/pmahomme/img/b_tblexport.png HTTP/1.1" 200 514
::1 - - [12/Apr/2019:11:29:21 +0200] "GET /phpmyadmin/themes/pmahomme/img/b_tblimport.png HTTP/1.1" 200 556
::1 - - [12/Apr/2019:11:29:21 +0200] "GET /phpmyadmin/js/vendor/jquery/jquery.uitablefilter.js?v=4.8.4 HTTP/1.1" 200 3479
::1 - - [12/Apr/2019:11:29:21 +0200] "GET /phpmyadmin/index.php?ajax_request=1&recent_table=1&no_debug=true&_nocache=1555061361099978519&token=%3C1nui%2C9_F%5D14%25KlI HTTP/1.1" 200 1479
::1 - - [12/Apr/2019:11:31:00 +0200] "GET /phpmyadmin/db_structure.php?server=1&db=okpp HTTP/1.1" 200 11303
::1 - - [12/Apr/2019:11:31:01 +0200] "GET /phpmyadmin/phpmyadmin.css.php?nocache=6199075545ltr&server=1 HTTP/1.1" 200 20760
::1 - - [12/Apr/2019:11:31:01 +0200] "GET /phpmyadmin/js/whitelist.php?v=4.8.4 HTTP/1.1" 200 57
::1 - - [12/Apr/2019:11:31:01 +0200] "GET /phpmyadmin/js/messages.php?l=en&v=4.8.4 HTTP/1.1" 200 8822
::1 - - [12/Apr/2019:11:31:01 +0200] "GET /phpmyadmin/themes/pmahomme/img/s_desc.png HTTP/1.1" 200 146
::1 - - [12/Apr/2019:11:31:01 +0200] "GET /phpmyadmin/themes/pmahomme/img/b_no_favorite.png HTTP/1.1" 200 377
::1 - - [12/Apr/2019:11:31:01 +0200] "GET /phpmyadmin/themes/pmahomme/img/b_select.png HTTP/1.1" 200 593
::1 - - [12/Apr/2019:11:31:01 +0200] "GET /phpmyadmin/themes/pmahomme/img/b_empty.png HTTP/1.1" 200 521
::1 - - [12/Apr/2019:11:31:01 +0200] "GET /phpmyadmin/themes/pmahomme/img/b_drop.png HTTP/1.1" 200 637
::1 - - [12/Apr/2019:11:31:01 +0200] "GET /phpmyadmin/themes/pmahomme/img/b_print.png HTTP/1.1" 200 639
::1 - - [12/Apr/2019:11:31:01 +0200] "GET /phpmyadmin/themes/pmahomme/img/b_tblanalyse.png HTTP/1.1" 200 152
::1 - - [12/Apr/2019:11:31:01 +0200] "POST /phpmyadmin/ajax.php HTTP/1.1" 200 1386
::1 - - [12/Apr/2019:11:31:01 +0200] "POST /phpmyadmin/navigation.php?ajax_request=1 HTTP/1.1" 200 2178
::1 - - [12/Apr/2019:11:31:01 +0200] "POST /phpmyadmin/ajax.php HTTP/1.1" 200 1483
::1 - - [12/Apr/2019:11:31:01 +0200] "POST /phpmyadmin/ajax.php HTTP/1.1" 200 1378
::1 - - [12/Apr/2019:11:31:01 +0200] "GET /phpmyadmin/navigation.php?ajax_request=1&aPath=cm9vdA%3D%3D.b2twcA%3D%3D&vPath=cm9vdA%3D%3D.b2twcA%3D%3D&pos=0&pos2_name=&pos2_value=&searchClause=&searchClause2=&_nocache=1555061461929749805&token=%3C1nui%2C9_F%5D14%25KlI HTTP/1.1" 200 2090
::1 - - [12/Apr/2019:11:31:02 +0200] "GET /phpmyadmin/themes/pmahomme/img/b_group.png HTTP/1.1" 200 682
::1 - - [12/Apr/2019:11:31:06 +0200] "GET /phpmyadmin/sql.php?db=okpp&table=invoice&pos=0&ajax_request=true&ajax_page_request=true&_nocache=1555061466102142063&token=%3C1nui%2C9_F%5D14%25KlI HTTP/1.1" 200 7152
::1 - - [12/Apr/2019:11:31:06 +0200] "GET /phpmyadmin/themes/pmahomme/img/b_edit.png HTTP/1.1" 200 377
::1 - - [12/Apr/2019:11:31:06 +0200] "GET /phpmyadmin/themes/pmahomme/img/b_chart.png HTTP/1.1" 200 449
::1 - - [12/Apr/2019:11:31:06 +0200] "GET /phpmyadmin/themes/pmahomme/img/b_view_add.png HTTP/1.1" 200 678
::1 - - [12/Apr/2019:11:31:06 +0200] "GET /phpmyadmin/themes/pmahomme/img/b_bookmark.png HTTP/1.1" 200 637
::1 - - [12/Apr/2019:11:31:06 +0200] "GET /phpmyadmin/themes/pmahomme/img/s_fulltext.png HTTP/1.1" 200 176
::1 - - [12/Apr/2019:11:31:06 +0200] "GET /phpmyadmin/js/gis_data_editor.js?v=4.8.4 HTTP/1.1" 200 14721
::1 - - [12/Apr/2019:11:31:06 +0200] "GET /phpmyadmin/js/makegrid.js?v=4.8.4 HTTP/1.1" 200 97665
::1 - - [12/Apr/2019:11:31:06 +0200] "GET /phpmyadmin/js/multi_column_sort.js?v=4.8.4 HTTP/1.1" 200 3284
::1 - - [12/Apr/2019:11:31:06 +0200] "GET /phpmyadmin/js/sql.js?v=4.8.4 HTTP/1.1" 200 38428
::1 - - [12/Apr/2019:11:31:06 +0200] "GET /phpmyadmin/index.php?ajax_request=1&recent_table=1&no_debug=true&_nocache=1555061466829598784&token=%3C1nui%2C9_F%5D14%25KlI HTTP/1.1" 200 1483
::1 - - [12/Apr/2019:11:31:06 +0200] "GET /phpmyadmin/themes/pmahomme/img/col_pointer.png HTTP/1.1" 200 102
::1 - - [12/Apr/2019:11:31:06 +0200] "GET /phpmyadmin/themes/pmahomme/img/col_drop.png HTTP/1.1" 200 111
::1 - - [12/Apr/2019:11:31:10 +0200] "GET /phpmyadmin/tbl_structure.php?db=okpp&table=invoice&ajax_request=true&ajax_page_request=true&_nocache=1555061470461110064&token=%3C1nui%2C9_F%5D14%25KlI HTTP/1.1" 200 7468
::1 - - [12/Apr/2019:11:31:11 +0200] "GET /phpmyadmin/themes/pmahomme/img/bd_primary.png HTTP/1.1" 200 294
::1 - - [12/Apr/2019:11:31:11 +0200] "GET /phpmyadmin/themes/pmahomme/img/b_primary.png HTTP/1.1" 200 536
::1 - - [12/Apr/2019:11:31:11 +0200] "GET /phpmyadmin/themes/pmahomme/img/b_index.png HTTP/1.1" 200 643
::1 - - [12/Apr/2019:11:31:11 +0200] "GET /phpmyadmin/themes/pmahomme/img/centralColumns_add.png HTTP/1.1" 200 676
::1 - - [12/Apr/2019:11:31:11 +0200] "GET /phpmyadmin/themes/pmahomme/img/centralColumns_delete.png HTTP/1.1" 200 683
::1 - - [12/Apr/2019:11:31:11 +0200] "GET /phpmyadmin/themes/pmahomme/img/b_unique.png HTTP/1.1" 200 583
::1 - - [12/Apr/2019:11:31:11 +0200] "GET /phpmyadmin/themes/pmahomme/img/b_ftext.png HTTP/1.1" 200 550
::1 - - [12/Apr/2019:11:31:11 +0200] "GET /phpmyadmin/themes/pmahomme/img/b_move.png HTTP/1.1" 200 381
::1 - - [12/Apr/2019:11:31:11 +0200] "GET /phpmyadmin/themes/pmahomme/img/normalize.png HTTP/1.1" 200 505
::1 - - [12/Apr/2019:11:31:11 +0200] "GET /phpmyadmin/js/tbl_structure.js?v=4.8.4 HTTP/1.1" 200 19834
::1 - - [12/Apr/2019:11:31:11 +0200] "GET /phpmyadmin/index.php?ajax_request=1&recent_table=1&no_debug=true&_nocache=1555061471056756902&token=%3C1nui%2C9_F%5D14%25KlI HTTP/1.1" 200 1483
::1 - - [12/Apr/2019:11:31:51 +0200] "POST /phpmyadmin/tbl_indexes.php HTTP/1.1" 200 2754
::1 - - [12/Apr/2019:11:31:52 +0200] "GET /phpmyadmin/themes/pmahomme/jquery/images/ui-icons_222222_256x240.png HTTP/1.1" 200 3765
::1 - - [12/Apr/2019:11:31:52 +0200] "GET /phpmyadmin/themes/pmahomme/jquery/images/ui-bg_glass_75_e6e6e6_1x400.png HTTP/1.1" 200 121
::1 - - [12/Apr/2019:11:31:52 +0200] "GET /phpmyadmin/themes/pmahomme/jquery/images/ui-bg_highlight-soft_75_cccccc_1x100.png HTTP/1.1" 200 122
::1 - - [12/Apr/2019:11:31:52 +0200] "GET /phpmyadmin/themes/pmahomme/jquery/images/ui-icons_888888_256x240.png HTTP/1.1" 200 3765
::1 - - [12/Apr/2019:11:31:52 +0200] "GET /phpmyadmin/themes/pmahomme/img/s_sortable.png HTTP/1.1" 200 204
::1 - - [12/Apr/2019:11:31:59 +0200] "GET /phpmyadmin/themes/pmahomme/jquery/images/ui-bg_glass_75_dadada_1x400.png HTTP/1.1" 200 126
::1 - - [12/Apr/2019:11:32:00 +0200] "GET /phpmyadmin/themes/pmahomme/jquery/images/ui-bg_glass_65_ffffff_1x400.png HTTP/1.1" 200 73
::1 - - [12/Apr/2019:11:32:05 +0200] "POST /phpmyadmin/tbl_structure.php HTTP/1.1" 200 95
::1 - - [12/Apr/2019:11:32:05 +0200] "POST /phpmyadmin/tbl_create.php HTTP/1.1" 200 1683
::1 - - [12/Apr/2019:11:32:06 +0200] "GET /phpmyadmin/db_structure.php?server=1&db=radovi&table=diplomski_radovi&ajax_request=true&ajax_page_request=true&_nocache=155506152618643395&token=%3C1nui%2C9_F%5D14%25KlI HTTP/1.1" 200 4728
::1 - - [12/Apr/2019:11:32:06 +0200] "GET /phpmyadmin/themes/pmahomme/img/bd_browse.png HTTP/1.1" 200 271
::1 - - [12/Apr/2019:11:32:06 +0200] "GET /phpmyadmin/themes/pmahomme/img/bd_select.png HTTP/1.1" 200 325
::1 - - [12/Apr/2019:11:32:06 +0200] "GET /phpmyadmin/themes/pmahomme/img/bd_empty.png HTTP/1.1" 200 327
::1 - - [12/Apr/2019:11:32:06 +0200] "GET /phpmyadmin/tbl_structure.php?server=1&db=radovi&token=%3C1nui,9_F]14%KlI&goto=db_structure.php&table=diplomski_radovi&ajax_request=true&ajax_page_request=true&_nocache=1555061526190278999&token=%3C1nui%2C9_F%5D14%25KlI HTTP/1.1" 200 7671
::1 - - [12/Apr/2019:11:32:06 +0200] "POST /phpmyadmin/navigation.php?ajax_request=1&lang=en HTTP/1.1" 200 2506
::1 - - [12/Apr/2019:11:32:06 +0200] "GET /phpmyadmin/index.php?ajax_request=1&recent_table=1&no_debug=true&_nocache=1555061526340264232&token=%3C1nui%2C9_F%5D14%25KlI HTTP/1.1" 200 1506
::1 - - [12/Apr/2019:11:32:06 +0200] "GET /phpmyadmin/index.php?ajax_request=1&recent_table=1&no_debug=true&_nocache=1555061526483507067&token=%3C1nui%2C9_F%5D14%25KlI HTTP/1.1" 200 1506
::1 - - [12/Apr/2019:11:32:08 +0200] "GET /phpmyadmin/themes/pmahomme/img/bd_spatial.png HTTP/1.1" 200 243
::1 - - [12/Apr/2019:11:32:20 +0200] "GET /phpmyadmin/sql.php?db=radovi&table=diplomski_radovi&pos=0&ajax_request=true&ajax_page_request=true&_nocache=1555061540055861969&token=%3C1nui%2C9_F%5D14%25KlI HTTP/1.1" 200 4849
::1 - - [12/Apr/2019:11:32:20 +0200] "GET /phpmyadmin/index.php?ajax_request=1&recent_table=1&no_debug=true&_nocache=1555061540223300271&token=%3C1nui%2C9_F%5D14%25KlI HTTP/1.1" 200 1506
::1 - - [12/Apr/2019:11:35:03 +0200] "GET /cURL.php HTTP/1.1" 200 684
::1 - - [12/Apr/2019:11:35:15 +0200] "GET /cURL.php HTTP/1.1" 200 684
::1 - - [12/Apr/2019:11:40:15 +0200] "-" 408 -
::1 - - [12/Apr/2019:11:41:57 +0200] "GET /cURL.php HTTP/1.1" 200 459
::1 - - [12/Apr/2019:11:46:57 +0200] "-" 408 -
::1 - - [12/Apr/2019:11:52:15 +0200] "GET /cURL.php HTTP/1.1" 200 909
::1 - - [12/Apr/2019:11:55:07 +0200] "POST /phpmyadmin/index.php HTTP/1.1" 200 71
::1 - - [12/Apr/2019:11:55:07 +0200] "GET /phpmyadmin/tbl_structure.php?db=okpp&table=invoice HTTP/1.1" 200 12824
::1 - - [12/Apr/2019:11:55:07 +0200] "GET /phpmyadmin/themes/pmahomme/jquery/jquery-ui.css HTTP/1.1" 200 36566
::1 - - [12/Apr/2019:11:55:07 +0200] "GET /phpmyadmin/js/vendor/codemirror/lib/codemirror.css?v=4.8.4 HTTP/1.1" 200 8542
::1 - - [12/Apr/2019:11:55:07 +0200] "GET /phpmyadmin/js/vendor/codemirror/addon/hint/show-hint.css?v=4.8.4 HTTP/1.1" 200 623
::1 - - [12/Apr/2019:11:55:07 +0200] "GET /phpmyadmin/js/vendor/codemirror/addon/lint/lint.css?v=4.8.4 HTTP/1.1" 200 2999
::1 - - [12/Apr/2019:11:55:07 +0200] "GET /phpmyadmin/js/vendor/jquery/jquery.min.js?v=4.8.4 HTTP/1.1" 200 86927
::1 - - [12/Apr/2019:11:55:07 +0200] "GET /phpmyadmin/js/vendor/jquery/jquery-migrate.js?v=4.8.4 HTTP/1.1" 200 17813
::1 - - [12/Apr/2019:11:53:02 +0200] "GET /cURL.php HTTP/1.1" 200 909
::1 - - [12/Apr/2019:11:55:07 +0200] "GET /phpmyadmin/phpmyadmin.css.php?nocache=6199075679ltr&server=1 HTTP/1.1" 200 20760
::1 - - [12/Apr/2019:11:55:07 +0200] "GET /phpmyadmin/js/vendor/sprintf.js?v=4.8.4 HTTP/1.1" 200 7387
::1 - - [12/Apr/2019:11:55:07 +0200] "GET /phpmyadmin/js/ajax.js?v=4.8.4 HTTP/1.1" 200 31246
::1 - - [12/Apr/2019:11:55:07 +0200] "GET /phpmyadmin/js/whitelist.php?v=4.8.4 HTTP/1.1" 200 57
::1 - - [12/Apr/2019:11:55:07 +0200] "GET /phpmyadmin/js/keyhandler.js?v=4.8.4 HTTP/1.1" 200 3333
::1 - - [12/Apr/2019:11:55:07 +0200] "GET /phpmyadmin/js/vendor/jquery/jquery-ui.min.js?v=4.8.4 HTTP/1.1" 200 253681
::1 - - [12/Apr/2019:11:55:07 +0200] "GET /phpmyadmin/js/vendor/js.cookie.js?v=4.8.4 HTTP/1.1" 200 3886
::1 - - [12/Apr/2019:11:55:07 +0200] "GET /phpmyadmin/js/vendor/jquery/jquery.mousewheel.js?v=4.8.4 HTTP/1.1" 200 8267
::1 - - [12/Apr/2019:11:55:07 +0200] "GET /phpmyadmin/js/vendor/jquery/jquery.event.drag-2.2.js?v=4.8.4 HTTP/1.1" 200 12826
::1 - - [12/Apr/2019:11:55:07 +0200] "GET /phpmyadmin/js/vendor/jquery/jquery.validate.js?v=4.8.4 HTTP/1.1" 200 48696
::1 - - [12/Apr/2019:11:55:07 +0200] "GET /phpmyadmin/js/vendor/jquery/jquery-ui-timepicker-addon.js?v=4.8.4 HTTP/1.1" 200 78475
::1 - - [12/Apr/2019:11:55:07 +0200] "GET /phpmyadmin/js/vendor/jquery/jquery.ba-hashchange-1.3.js?v=4.8.4 HTTP/1.1" 200 16522
::1 - - [12/Apr/2019:11:55:07 +0200] "GET /phpmyadmin/js/vendor/jquery/jquery.debounce-1.0.5.js?v=4.8.4 HTTP/1.1" 200 1169
::1 - - [12/Apr/2019:11:55:07 +0200] "GET /phpmyadmin/js/menu-resizer.js?v=4.8.4 HTTP/1.1" 200 8318
::1 - - [12/Apr/2019:11:55:07 +0200] "GET /phpmyadmin/js/cross_framing_protection.js?v=4.8.4 HTTP/1.1" 200 471
::1 - - [12/Apr/2019:11:55:07 +0200] "GET /phpmyadmin/js/rte.js?v=4.8.4 HTTP/1.1" 200 47678
::1 - - [12/Apr/2019:11:55:07 +0200] "GET /phpmyadmin/js/vendor/tracekit.js?v=4.8.4 HTTP/1.1" 200 45389
::1 - - [12/Apr/2019:11:55:07 +0200] "GET /phpmyadmin/js/error_report.js?v=4.8.4 HTTP/1.1" 200 10098
::1 - - [12/Apr/2019:11:55:07 +0200] "GET /phpmyadmin/js/config.js?v=4.8.4 HTTP/1.1" 200 26929
::1 - - [12/Apr/2019:11:55:07 +0200] "GET /phpmyadmin/js/doclinks.js?v=4.8.4 HTTP/1.1" 200 20643
::1 - - [12/Apr/2019:11:55:07 +0200] "GET /phpmyadmin/js/functions.js?v=4.8.4 HTTP/1.1" 200 173667
::1 - - [12/Apr/2019:11:55:07 +0200] "GET /phpmyadmin/js/navigation.js?v=4.8.4 HTTP/1.1" 200 60076
::1 - - [12/Apr/2019:11:55:07 +0200] "GET /phpmyadmin/js/indexes.js?v=4.8.4 HTTP/1.1" 200 27242
::1 - - [12/Apr/2019:11:55:07 +0200] "GET /phpmyadmin/js/common.js?v=4.8.4 HTTP/1.1" 200 19168
::1 - - [12/Apr/2019:11:55:07 +0200] "GET /phpmyadmin/js/messages.php?l=en&v=4.8.4 HTTP/1.1" 200 8822
::1 - - [12/Apr/2019:11:55:07 +0200] "GET /phpmyadmin/js/tbl_structure.js?v=4.8.4 HTTP/1.1" 200 19834
::1 - - [12/Apr/2019:11:55:07 +0200] "GET /phpmyadmin/js/page_settings.js?v=4.8.4 HTTP/1.1" 200 1749
::1 - - [12/Apr/2019:11:55:07 +0200] "GET /phpmyadmin/js/shortcuts_handler.js?v=4.8.4 HTTP/1.1" 200 3264
::1 - - [12/Apr/2019:11:55:07 +0200] "GET /phpmyadmin/js/vendor/codemirror/lib/codemirror.js?v=4.8.4 HTTP/1.1" 200 373234
::1 - - [12/Apr/2019:11:55:07 +0200] "GET /phpmyadmin/js/vendor/codemirror/mode/sql/sql.js?v=4.8.4 HTTP/1.1" 200 45323
::1 - - [12/Apr/2019:11:55:07 +0200] "GET /phpmyadmin/js/vendor/codemirror/addon/runmode/runmode.js?v=4.8.4 HTTP/1.1" 200 2499
::1 - - [12/Apr/2019:11:55:07 +0200] "GET /phpmyadmin/js/vendor/codemirror/addon/hint/show-hint.js?v=4.8.4 HTTP/1.1" 200 15909
::1 - - [12/Apr/2019:11:55:07 +0200] "GET /phpmyadmin/js/vendor/codemirror/addon/hint/sql-hint.js?v=4.8.4 HTTP/1.1" 200 9148
::1 - - [12/Apr/2019:11:55:07 +0200] "GET /phpmyadmin/js/vendor/codemirror/addon/lint/lint.js?v=4.8.4 HTTP/1.1" 200 8609
::1 - - [12/Apr/2019:11:55:07 +0200] "GET /phpmyadmin/js/codemirror/addon/lint/sql-lint.js?v=4.8.4 HTTP/1.1" 200 1048
::1 - - [12/Apr/2019:11:55:07 +0200] "GET /phpmyadmin/js/console.js?v=4.8.4 HTTP/1.1" 200 57278
::1 - - [12/Apr/2019:11:55:07 +0200] "GET /phpmyadmin/themes/pmahomme/img/logo_left.png HTTP/1.1" 200 2713
::1 - - [12/Apr/2019:11:55:07 +0200] "GET /phpmyadmin/themes/pmahomme/css/printview.css?v=4.8.4 HTTP/1.1" 200 2746
::1 - - [12/Apr/2019:11:55:07 +0200] "GET /phpmyadmin/themes/dot.gif HTTP/1.1" 200 43
::1 - - [12/Apr/2019:11:55:07 +0200] "GET /phpmyadmin/themes/pmahomme/img/arrow_ltr.png HTTP/1.1" 200 101
::1 - - [12/Apr/2019:11:55:07 +0200] "GET /phpmyadmin/themes/pmahomme/img/left_nav_bg.png HTTP/1.1" 200 146
::1 - - [12/Apr/2019:11:55:07 +0200] "GET /phpmyadmin/themes/pmahomme/img/b_home.png HTTP/1.1" 200 734
::1 - - [12/Apr/2019:11:55:07 +0200] "GET /phpmyadmin/themes/pmahomme/img/s_loggoff.png HTTP/1.1" 200 626
::1 - - [12/Apr/2019:11:55:07 +0200] "GET /phpmyadmin/themes/pmahomme/img/b_docs.png HTTP/1.1" 200 705
::1 - - [12/Apr/2019:11:55:07 +0200] "GET /phpmyadmin/themes/pmahomme/img/b_sqlhelp.png HTTP/1.1" 200 512
::1 - - [12/Apr/2019:11:55:07 +0200] "GET /phpmyadmin/themes/pmahomme/img/s_cog.png HTTP/1.1" 200 442
::1 - - [12/Apr/2019:11:55:07 +0200] "GET /phpmyadmin/themes/pmahomme/img/s_reload.png HTTP/1.1" 200 527
::1 - - [12/Apr/2019:11:55:07 +0200] "GET /phpmyadmin/themes/pmahomme/img/ajax_clock_small.gif HTTP/1.1" 200 1810
::1 - - [12/Apr/2019:11:55:07 +0200] "GET /phpmyadmin/themes/pmahomme/img/s_link.png HTTP/1.1" 200 280
::1 - - [12/Apr/2019:11:55:07 +0200] "GET /phpmyadmin/themes/pmahomme/img/b_newdb.png HTTP/1.1" 200 585
::1 - - [12/Apr/2019:11:55:07 +0200] "GET /phpmyadmin/themes/pmahomme/img/b_plus.png HTTP/1.1" 200 143
::1 - - [12/Apr/2019:11:55:07 +0200] "GET /phpmyadmin/themes/pmahomme/img/s_db.png HTTP/1.1" 200 328
::1 - - [12/Apr/2019:11:55:07 +0200] "GET /phpmyadmin/themes/pmahomme/img/s_host.png HTTP/1.1" 200 591
::1 - - [12/Apr/2019:11:55:07 +0200] "GET /phpmyadmin/themes/pmahomme/img/s_tbl.png HTTP/1.1" 200 645
::1 - - [12/Apr/2019:11:55:07 +0200] "GET /phpmyadmin/themes/pmahomme/img/b_browse.png HTTP/1.1" 200 486
::1 - - [12/Apr/2019:11:55:07 +0200] "GET /phpmyadmin/themes/pmahomme/img/b_props.png HTTP/1.1" 200 573
::1 - - [12/Apr/2019:11:55:07 +0200] "GET /phpmyadmin/themes/pmahomme/img/b_sql.png HTTP/1.1" 200 680
::1 - - [12/Apr/2019:11:55:07 +0200] "GET /phpmyadmin/themes/pmahomme/img/b_search.png HTTP/1.1" 200 538
::1 - - [12/Apr/2019:11:55:07 +0200] "GET /phpmyadmin/themes/pmahomme/img/b_insrow.png HTTP/1.1" 200 157
::1 - - [12/Apr/2019:11:55:07 +0200] "GET /phpmyadmin/themes/pmahomme/img/b_tblimport.png HTTP/1.1" 200 556
::1 - - [12/Apr/2019:11:55:07 +0200] "GET /phpmyadmin/themes/pmahomme/img/b_tblexport.png HTTP/1.1" 200 514
::1 - - [12/Apr/2019:11:55:07 +0200] "GET /phpmyadmin/themes/pmahomme/img/s_rights.png HTTP/1.1" 200 461
::1 - - [12/Apr/2019:11:55:07 +0200] "GET /phpmyadmin/themes/pmahomme/img/b_tblops.png HTTP/1.1" 200 537
::1 - - [12/Apr/2019:11:55:07 +0200] "GET /phpmyadmin/themes/pmahomme/img/eye.png HTTP/1.1" 200 663
::1 - - [12/Apr/2019:11:55:07 +0200] "GET /phpmyadmin/themes/pmahomme/img/b_triggers.png HTTP/1.1" 200 446
::1 - - [12/Apr/2019:11:55:07 +0200] "GET /phpmyadmin/themes/pmahomme/img/console.png HTTP/1.1" 200 292
::1 - - [12/Apr/2019:11:55:07 +0200] "GET /phpmyadmin/themes/pmahomme/img/s_top.png HTTP/1.1" 200 220
::1 - - [12/Apr/2019:11:55:07 +0200] "GET /phpmyadmin/themes/pmahomme/img/b_relations.png HTTP/1.1" 200 140
::1 - - [12/Apr/2019:11:55:07 +0200] "GET /phpmyadmin/themes/pmahomme/img/b_primary.png HTTP/1.1" 200 536
::1 - - [12/Apr/2019:11:55:07 +0200] "GET /phpmyadmin/themes/pmahomme/img/b_edit.png HTTP/1.1" 200 377
::1 - - [12/Apr/2019:11:55:07 +0200] "GET /phpmyadmin/themes/pmahomme/img/b_drop.png HTTP/1.1" 200 637
::1 - - [12/Apr/2019:11:55:07 +0200] "GET /phpmyadmin/themes/pmahomme/img/b_more.png HTTP/1.1" 200 111
::1 - - [12/Apr/2019:11:55:07 +0200] "GET /phpmyadmin/themes/pmahomme/img/bd_primary.png HTTP/1.1" 200 294
::1 - - [12/Apr/2019:11:55:07 +0200] "GET /phpmyadmin/themes/pmahomme/img/b_unique.png HTTP/1.1" 200 583
::1 - - [12/Apr/2019:11:55:07 +0200] "GET /phpmyadmin/themes/pmahomme/img/b_index.png HTTP/1.1" 200 643
::1 - - [12/Apr/2019:11:55:07 +0200] "GET /phpmyadmin/themes/pmahomme/img/b_ftext.png HTTP/1.1" 200 550
::1 - - [12/Apr/2019:11:55:07 +0200] "GET /phpmyadmin/themes/pmahomme/img/centralColumns_add.png HTTP/1.1" 200 676
::1 - - [12/Apr/2019:11:55:07 +0200] "GET /phpmyadmin/themes/pmahomme/img/centralColumns_delete.png HTTP/1.1" 200 683
::1 - - [12/Apr/2019:11:55:07 +0200] "GET /phpmyadmin/themes/pmahomme/img/b_print.png HTTP/1.1" 200 639
::1 - - [12/Apr/2019:11:55:07 +0200] "GET /phpmyadmin/themes/pmahomme/img/b_tblanalyse.png HTTP/1.1" 200 152
::1 - - [12/Apr/2019:11:55:07 +0200] "GET /phpmyadmin/themes/pmahomme/img/b_help.png HTTP/1.1" 200 705
::1 - - [12/Apr/2019:11:55:07 +0200] "GET /phpmyadmin/themes/pmahomme/img/b_move.png HTTP/1.1" 200 381
::1 - - [12/Apr/2019:11:55:07 +0200] "GET /phpmyadmin/themes/pmahomme/img/normalize.png HTTP/1.1" 200 505
::1 - - [12/Apr/2019:11:55:07 +0200] "GET /phpmyadmin/themes/pmahomme/img/s_notice.png HTTP/1.1" 200 567
::1 - - [12/Apr/2019:11:55:07 +0200] "GET /phpmyadmin/themes/pmahomme/img/window-new.png HTTP/1.1" 200 468
::1 - - [12/Apr/2019:11:55:08 +0200] "POST /phpmyadmin/ajax.php HTTP/1.1" 200 1385
::1 - - [12/Apr/2019:11:55:08 +0200] "POST /phpmyadmin/navigation.php?ajax_request=1 HTTP/1.1" 200 2206
::1 - - [12/Apr/2019:11:55:08 +0200] "POST /phpmyadmin/ajax.php HTTP/1.1" 200 1481
::1 - - [12/Apr/2019:11:55:08 +0200] "GET /phpmyadmin/favicon.ico HTTP/1.1" 200 22486
::1 - - [12/Apr/2019:11:55:08 +0200] "POST /phpmyadmin/ajax.php HTTP/1.1" 200 1376
::1 - - [12/Apr/2019:11:55:08 +0200] "GET /phpmyadmin/index.php?ajax_request=1&recent_table=1&no_debug=true&_nocache=1555062908365735262&token=%2FSdq%3Eqs6-%26%3AS9%5Bsg HTTP/1.1" 200 1505
::1 - - [12/Apr/2019:11:55:08 +0200] "GET /phpmyadmin/navigation.php?ajax_request=1&aPath=cm9vdA%3D%3D.b2twcA%3D%3D&vPath=cm9vdA%3D%3D.b2twcA%3D%3D&pos=0&pos2_name=&pos2_value=&searchClause=&searchClause2=&_nocache=1555062908384572187&token=%2FSdq%3Eqs6-%26%3AS9%5Bsg HTTP/1.1" 200 2089
::1 - - [12/Apr/2019:11:55:08 +0200] "GET /phpmyadmin/themes/pmahomme/img/b_minus.png HTTP/1.1" 200 123
::1 - - [12/Apr/2019:11:55:08 +0200] "GET /phpmyadmin/themes/pmahomme/img/b_table_add.png HTTP/1.1" 200 571
::1 - - [12/Apr/2019:11:55:08 +0200] "GET /phpmyadmin/themes/pmahomme/img/b_group.png HTTP/1.1" 200 682
::1 - - [12/Apr/2019:11:56:16 +0200] "POST /phpmyadmin/index.php HTTP/1.1" 200 71
::1 - - [12/Apr/2019:11:56:16 +0200] "GET /phpmyadmin/sql.php?db=radovi&table=diplomski_radovi&pos=0 HTTP/1.1" 200 10533
::1 - - [12/Apr/2019:11:56:16 +0200] "GET /phpmyadmin/phpmyadmin.css.php?nocache=6199077126ltr&server=1 HTTP/1.1" 200 20760
::1 - - [12/Apr/2019:11:56:16 +0200] "GET /phpmyadmin/js/vendor/jquery/jquery.uitablefilter.js?v=4.8.4 HTTP/1.1" 200 3479
::1 - - [12/Apr/2019:11:56:16 +0200] "GET /phpmyadmin/js/tbl_change.js?v=4.8.4 HTTP/1.1" 200 29050
::1 - - [12/Apr/2019:11:56:16 +0200] "GET /phpmyadmin/js/gis_data_editor.js?v=4.8.4 HTTP/1.1" 200 14721
::1 - - [12/Apr/2019:11:56:16 +0200] "GET /phpmyadmin/js/multi_column_sort.js?v=4.8.4 HTTP/1.1" 200 3284
::1 - - [12/Apr/2019:11:56:16 +0200] "GET /phpmyadmin/themes/pmahomme/img/s_success.png HTTP/1.1" 200 465
::1 - - [12/Apr/2019:11:56:16 +0200] "GET /phpmyadmin/themes/pmahomme/img/b_view_add.png HTTP/1.1" 200 678
::1 - - [12/Apr/2019:11:56:16 +0200] "GET /phpmyadmin/themes/pmahomme/img/b_bookmark.png HTTP/1.1" 200 637
::1 - - [12/Apr/2019:11:56:17 +0200] "POST /phpmyadmin/ajax.php HTTP/1.1" 200 1390
::1 - - [12/Apr/2019:11:56:17 +0200] "POST /phpmyadmin/navigation.php?ajax_request=1 HTTP/1.1" 200 2208
::1 - - [12/Apr/2019:11:56:17 +0200] "POST /phpmyadmin/ajax.php HTTP/1.1" 200 1486
::1 - - [12/Apr/2019:11:56:17 +0200] "POST /phpmyadmin/ajax.php HTTP/1.1" 200 1381
::1 - - [12/Apr/2019:11:56:17 +0200] "GET /phpmyadmin/index.php?ajax_request=1&recent_table=1&no_debug=true&_nocache=1555062977358229943&token=.H%3F%26%3F%2C9%23w%603j6%3ErV HTTP/1.1" 200 1506
::1 - - [12/Apr/2019:11:56:17 +0200] "GET /phpmyadmin/navigation.php?ajax_request=1&aPath=cm9vdA%3D%3D.cmFkb3Zp&vPath=cm9vdA%3D%3D.cmFkb3Zp&pos=0&pos2_name=&pos2_value=&searchClause=&searchClause2=&_nocache=1555062977378172196&token=.H%3F%26%3F%2C9%23w%603j6%3ErV HTTP/1.1" 200 1816
::1 - - [12/Apr/2019:11:56:06 +0200] "GET /cURL.php HTTP/1.1" 200 2839
::1 - - [12/Apr/2019:11:59:08 +0200] "GET /cURL.php HTTP/1.1" 200 232
::1 - - [12/Apr/2019:11:59:58 +0200] "GET /cURL.php HTTP/1.1" 200 2899
::1 - - [12/Apr/2019:12:03:39 +0200] "GET /cURL.php HTTP/1.1" 200 2899
::1 - - [12/Apr/2019:12:07:21 +0200] "GET /cURL.php HTTP/1.1" 200 15448
::1 - - [12/Apr/2019:12:11:30 +0200] "GET /cURL.php HTTP/1.1" 200 14444
::1 - - [12/Apr/2019:12:15:49 +0200] "GET /cURL.php HTTP/1.1" 200 15448
::1 - - [12/Apr/2019:12:19:04 +0200] "POST /phpmyadmin/index.php HTTP/1.1" 200 71
::1 - - [12/Apr/2019:12:19:04 +0200] "GET /phpmyadmin/tbl_structure.php?db=okpp&table=invoice HTTP/1.1" 200 12808
::1 - - [12/Apr/2019:12:19:04 +0200] "GET /phpmyadmin/phpmyadmin.css.php?nocache=6199077195ltr&server=1 HTTP/1.1" 200 20760
::1 - - [12/Apr/2019:12:19:05 +0200] "POST /phpmyadmin/ajax.php HTTP/1.1" 200 1387
::1 - - [12/Apr/2019:12:19:05 +0200] "POST /phpmyadmin/navigation.php?ajax_request=1 HTTP/1.1" 200 2208
::1 - - [12/Apr/2019:12:19:05 +0200] "POST /phpmyadmin/ajax.php HTTP/1.1" 200 1484
::1 - - [12/Apr/2019:12:19:05 +0200] "POST /phpmyadmin/ajax.php HTTP/1.1" 200 1378
::1 - - [12/Apr/2019:12:19:05 +0200] "GET /phpmyadmin/index.php?ajax_request=1&recent_table=1&no_debug=true&_nocache=1555064345342624242&token=qIf%25_o.4%5ERSZ5UgM HTTP/1.1" 200 1507
::1 - - [12/Apr/2019:12:19:05 +0200] "GET /phpmyadmin/navigation.php?ajax_request=1&aPath=cm9vdA%3D%3D.b2twcA%3D%3D&vPath=cm9vdA%3D%3D.b2twcA%3D%3D&pos=0&pos2_name=&pos2_value=&searchClause=&searchClause2=&_nocache=1555064345363599014&token=qIf%25_o.4%5ERSZ5UgM HTTP/1.1" 200 2092
::1 - - [12/Apr/2019:12:20:13 +0200] "POST /phpmyadmin/index.php HTTP/1.1" 200 71
::1 - - [12/Apr/2019:12:20:13 +0200] "GET /phpmyadmin/sql.php?db=radovi&table=diplomski_radovi&pos=0 HTTP/1.1" 200 10518
::1 - - [12/Apr/2019:12:20:13 +0200] "GET /phpmyadmin/phpmyadmin.css.php?nocache=6199078563ltr&server=1 HTTP/1.1" 200 20760
::1 - - [12/Apr/2019:12:20:14 +0200] "POST /phpmyadmin/ajax.php HTTP/1.1" 200 1389
::1 - - [12/Apr/2019:12:20:14 +0200] "POST /phpmyadmin/navigation.php?ajax_request=1 HTTP/1.1" 200 2209
::1 - - [12/Apr/2019:12:20:14 +0200] "POST /phpmyadmin/ajax.php HTTP/1.1" 200 1486
::1 - - [12/Apr/2019:12:20:14 +0200] "POST /phpmyadmin/ajax.php HTTP/1.1" 200 1380
::1 - - [12/Apr/2019:12:20:14 +0200] "GET /phpmyadmin/index.php?ajax_request=1&recent_table=1&no_debug=true&_nocache=1555064414355402991&token=e%5DL%5D5)O%5Elt%3F*r%5B%60Q HTTP/1.1" 200 1506
::1 - - [12/Apr/2019:12:20:14 +0200] "GET /phpmyadmin/navigation.php?ajax_request=1&aPath=cm9vdA%3D%3D.cmFkb3Zp&vPath=cm9vdA%3D%3D.cmFkb3Zp&pos=0&pos2_name=&pos2_value=&searchClause=&searchClause2=&_nocache=1555064414376376923&token=e%5DL%5D5)O%5Elt%3F*r%5B%60Q HTTP/1.1" 200 1816
::1 - - [12/Apr/2019:12:26:18 +0200] "GET /cURL.php HTTP/1.1" 200 94205
::1 - - [12/Apr/2019:12:31:18 +0200] "-" 408 -
::1 - - [12/Apr/2019:12:43:01 +0200] "POST /phpmyadmin/index.php HTTP/1.1" 200 71
::1 - - [12/Apr/2019:12:43:01 +0200] "GET /phpmyadmin/tbl_structure.php?db=okpp&table=invoice HTTP/1.1" 200 12807
::1 - - [12/Apr/2019:12:43:01 +0200] "GET /phpmyadmin/phpmyadmin.css.php?nocache=6199078632ltr&server=1 HTTP/1.1" 200 20760
::1 - - [12/Apr/2019:12:43:02 +0200] "POST /phpmyadmin/ajax.php HTTP/1.1" 200 1387
::1 - - [12/Apr/2019:12:43:02 +0200] "POST /phpmyadmin/navigation.php?ajax_request=1 HTTP/1.1" 200 2207
::1 - - [12/Apr/2019:12:43:02 +0200] "POST /phpmyadmin/ajax.php HTTP/1.1" 200 1484
::1 - - [12/Apr/2019:12:43:02 +0200] "POST /phpmyadmin/ajax.php HTTP/1.1" 200 1378
::1 - - [12/Apr/2019:12:43:02 +0200] "GET /phpmyadmin/index.php?ajax_request=1&recent_table=1&no_debug=true&_nocache=1555065782411668022&token=O%7D%60Jbm.(%3B%5BPDa3zr HTTP/1.1" 200 1506
::1 - - [12/Apr/2019:12:43:02 +0200] "GET /phpmyadmin/navigation.php?ajax_request=1&aPath=cm9vdA%3D%3D.b2twcA%3D%3D&vPath=cm9vdA%3D%3D.b2twcA%3D%3D&pos=0&pos2_name=&pos2_value=&searchClause=&searchClause2=&_nocache=1555065782436494366&token=O%7D%60Jbm.(%3B%5BPDa3zr HTTP/1.1" 200 2091
::1 - - [12/Apr/2019:12:44:10 +0200] "POST /phpmyadmin/index.php HTTP/1.1" 200 71
::1 - - [12/Apr/2019:12:44:10 +0200] "GET /phpmyadmin/sql.php?db=radovi&table=diplomski_radovi&pos=0 HTTP/1.1" 200 10517
::1 - - [12/Apr/2019:12:44:10 +0200] "GET /phpmyadmin/phpmyadmin.css.php?nocache=6199080000ltr&server=1 HTTP/1.1" 200 20760
::1 - - [12/Apr/2019:12:44:11 +0200] "POST /phpmyadmin/ajax.php HTTP/1.1" 200 1389
::1 - - [12/Apr/2019:12:44:11 +0200] "POST /phpmyadmin/navigation.php?ajax_request=1 HTTP/1.1" 200 2208
::1 - - [12/Apr/2019:12:44:11 +0200] "POST /phpmyadmin/ajax.php HTTP/1.1" 200 1486
::1 - - [12/Apr/2019:12:44:11 +0200] "POST /phpmyadmin/ajax.php HTTP/1.1" 200 1381
::1 - - [12/Apr/2019:12:44:11 +0200] "GET /phpmyadmin/index.php?ajax_request=1&recent_table=1&no_debug=true&_nocache=1555065851375178824&token=zAECtPK.%60V5%7C(%5Dwf HTTP/1.1" 200 1507
::1 - - [12/Apr/2019:12:44:11 +0200] "GET /phpmyadmin/navigation.php?ajax_request=1&aPath=cm9vdA%3D%3D.cmFkb3Zp&vPath=cm9vdA%3D%3D.cmFkb3Zp&pos=0&pos2_name=&pos2_value=&searchClause=&searchClause2=&_nocache=155506585139321407&token=zAECtPK.%60V5%7C(%5Dwf HTTP/1.1" 200 1816
::1 - - [12/Apr/2019:12:45:13 +0200] "GET /class_DiplomskiRadovi.php HTTP/1.1" 200 5
::1 - - [12/Apr/2019:12:46:01 +0200] "GET /cURL.php HTTP/1.1" 200 230
::1 - - [12/Apr/2019:12:49:45 +0200] "GET /cURL.php HTTP/1.1" 200 230
::1 - - [12/Apr/2019:12:57:52 +0200] "GET /cURL.php HTTP/1.1" 200 345
::1 - - [12/Apr/2019:13:01:50 +0200] "GET /cURL.php HTTP/1.1" 200 668
::1 - - [12/Apr/2019:13:04:17 +0200] "GET /phpmyadmin/sql.php?db=radovi&table=diplomski_radovi&pos=0 HTTP/1.1" 200 12664
::1 - - [12/Apr/2019:13:04:17 +0200] "GET /phpmyadmin/js/makegrid.js?v=4.8.4 HTTP/1.1" 200 97665
::1 - - [12/Apr/2019:13:04:17 +0200] "GET /phpmyadmin/js/sql.js?v=4.8.4 HTTP/1.1" 200 38428
::1 - - [12/Apr/2019:13:04:17 +0200] "GET /phpmyadmin/themes/pmahomme/img/s_fulltext.png HTTP/1.1" 200 176
::1 - - [12/Apr/2019:13:04:17 +0200] "GET /phpmyadmin/phpmyadmin.css.php?nocache=6199080069ltr&server=1 HTTP/1.1" 200 20760
::1 - - [12/Apr/2019:13:04:17 +0200] "GET /phpmyadmin/themes/pmahomme/img/b_chart.png HTTP/1.1" 200 449
::1 - - [12/Apr/2019:13:04:17 +0200] "POST /phpmyadmin/ajax.php HTTP/1.1" 200 1389
::1 - - [12/Apr/2019:13:04:17 +0200] "POST /phpmyadmin/navigation.php?ajax_request=1 HTTP/1.1" 200 2508
::1 - - [12/Apr/2019:13:04:17 +0200] "POST /phpmyadmin/ajax.php HTTP/1.1" 200 1486
::1 - - [12/Apr/2019:13:04:18 +0200] "GET /phpmyadmin/themes/pmahomme/img/col_pointer.png HTTP/1.1" 200 102
::1 - - [12/Apr/2019:13:04:18 +0200] "GET /phpmyadmin/themes/pmahomme/img/col_drop.png HTTP/1.1" 200 111
::1 - - [12/Apr/2019:13:04:18 +0200] "GET /phpmyadmin/favicon.ico HTTP/1.1" 200 22486
::1 - - [12/Apr/2019:13:04:18 +0200] "POST /phpmyadmin/ajax.php HTTP/1.1" 200 1381
::1 - - [12/Apr/2019:13:04:18 +0200] "GET /phpmyadmin/index.php?ajax_request=1&recent_table=1&no_debug=true&_nocache=155506705809660851&token=zAECtPK.%60V5%7C(%5Dwf HTTP/1.1" 200 1507
::1 - - [12/Apr/2019:13:04:31 +0200] "POST /phpmyadmin/sql.php HTTP/1.1" 200 4173
::1 - - [12/Apr/2019:13:04:31 +0200] "GET /phpmyadmin/index.php?ajax_request=1&recent_table=1&no_debug=true&_nocache=1555067071962860545&token=zAECtPK.%60V5%7C(%5Dwf HTTP/1.1" 200 1507
::1 - - [12/Apr/2019:13:06:58 +0200] "POST /phpmyadmin/index.php HTTP/1.1" 200 71
::1 - - [12/Apr/2019:13:06:58 +0200] "GET /phpmyadmin/tbl_structure.php?db=okpp&table=invoice HTTP/1.1" 200 12817
::1 - - [12/Apr/2019:13:06:58 +0200] "GET /phpmyadmin/phpmyadmin.css.php?nocache=6199081276ltr&server=1 HTTP/1.1" 200 20760
::1 - - [12/Apr/2019:13:06:59 +0200] "POST /phpmyadmin/ajax.php HTTP/1.1" 200 1389
::1 - - [12/Apr/2019:13:06:59 +0200] "POST /phpmyadmin/navigation.php?ajax_request=1 HTTP/1.1" 200 2210
::1 - - [12/Apr/2019:13:06:59 +0200] "POST /phpmyadmin/ajax.php HTTP/1.1" 200 1485
::1 - - [12/Apr/2019:13:06:59 +0200] "POST /phpmyadmin/ajax.php HTTP/1.1" 200 1380
::1 - - [12/Apr/2019:13:06:59 +0200] "GET /phpmyadmin/index.php?ajax_request=1&recent_table=1&no_debug=true&_nocache=1555067219328935226&token=%22%2B-(3YOm0A7%40xk30 HTTP/1.1" 200 1509
::1 - - [12/Apr/2019:13:06:59 +0200] "GET /phpmyadmin/navigation.php?ajax_request=1&aPath=cm9vdA%3D%3D.b2twcA%3D%3D&vPath=cm9vdA%3D%3D.b2twcA%3D%3D&pos=0&pos2_name=&pos2_value=&searchClause=&searchClause2=&_nocache=1555067219345429379&token=%22%2B-(3YOm0A7%40xk30 HTTP/1.1" 200 2092
::1 - - [12/Apr/2019:13:10:02 +0200] "GET /phpmyadmin/db_structure.php?server=1&db=radovi&ajax_request=true&ajax_page_request=true&_nocache=1555067402725486941&token=%22%2B-(3YOm0A7%40xk30 HTTP/1.1" 200 4775
::1 - - [12/Apr/2019:13:10:02 +0200] "GET /phpmyadmin/themes/pmahomme/img/b_export.png HTTP/1.1" 200 514
::1 - - [12/Apr/2019:13:10:02 +0200] "GET /phpmyadmin/themes/pmahomme/img/b_import.png HTTP/1.1" 200 556
::1 - - [12/Apr/2019:13:10:02 +0200] "GET /phpmyadmin/themes/pmahomme/img/b_routines.png HTTP/1.1" 200 306
::1 - - [12/Apr/2019:13:10:02 +0200] "GET /phpmyadmin/themes/pmahomme/img/b_events.png HTTP/1.1" 200 703
::1 - - [12/Apr/2019:13:10:02 +0200] "GET /phpmyadmin/themes/pmahomme/img/centralColumns.png HTTP/1.1" 200 586
::1 - - [12/Apr/2019:13:10:02 +0200] "GET /phpmyadmin/themes/pmahomme/img/s_asc.png HTTP/1.1" 200 146
::1 - - [12/Apr/2019:13:10:02 +0200] "GET /phpmyadmin/themes/pmahomme/img/s_desc.png HTTP/1.1" 200 146
::1 - - [12/Apr/2019:13:10:02 +0200] "GET /phpmyadmin/themes/pmahomme/img/b_no_favorite.png HTTP/1.1" 200 377
::1 - - [12/Apr/2019:13:10:02 +0200] "GET /phpmyadmin/themes/pmahomme/img/bd_select.png HTTP/1.1" 200 325
::1 - - [12/Apr/2019:13:10:02 +0200] "GET /phpmyadmin/themes/pmahomme/img/bd_browse.png HTTP/1.1" 200 271
::1 - - [12/Apr/2019:13:10:02 +0200] "GET /phpmyadmin/themes/pmahomme/img/bd_empty.png HTTP/1.1" 200 327
::1 - - [12/Apr/2019:13:10:02 +0200] "GET /phpmyadmin/js/db_structure.js?v=4.8.4 HTTP/1.1" 200 15803
::1 - - [12/Apr/2019:13:10:02 +0200] "GET /phpmyadmin/navigation.php?ajax_request=1&aPath=cm9vdA%3D%3D.cmFkb3Zp&vPath=cm9vdA%3D%3D.cmFkb3Zp&pos=0&pos2_name=&pos2_value=&searchClause=&searchClause2=&_nocache=1555067402880261793&token=%22%2B-(3YOm0A7%40xk30 HTTP/1.1" 200 1814
::1 - - [12/Apr/2019:13:10:02 +0200] "GET /phpmyadmin/themes/pmahomme/img/hide.png HTTP/1.1" 200 284
::1 - - [12/Apr/2019:13:10:05 +0200] "GET /phpmyadmin/sql.php?db=radovi&table=diplomski_radovi&pos=0&ajax_request=true&ajax_page_request=true&_nocache=1555067405353203732&token=%22%2B-(3YOm0A7%40xk30 HTTP/1.1" 200 4852
::1 - - [12/Apr/2019:13:10:05 +0200] "GET /phpmyadmin/index.php?ajax_request=1&recent_table=1&no_debug=true&_nocache=1555067405552327350&token=%22%2B-(3YOm0A7%40xk30 HTTP/1.1" 200 1509
::1 - - [12/Apr/2019:13:10:06 +0200] "GET /phpmyadmin/tbl_structure.php?db=radovi&table=diplomski_radovi&ajax_request=true&ajax_page_request=true&_nocache=1555067406784815433&token=%22%2B-(3YOm0A7%40xk30 HTTP/1.1" 200 7683
::1 - - [12/Apr/2019:13:10:06 +0200] "GET /phpmyadmin/index.php?ajax_request=1&recent_table=1&no_debug=true&_nocache=1555067406984713947&token=%22%2B-(3YOm0A7%40xk30 HTTP/1.1" 200 1509
::1 - - [12/Apr/2019:13:10:10 +0200] "GET /phpmyadmin/themes/pmahomme/img/bd_spatial.png HTTP/1.1" 200 243
::1 - - [12/Apr/2019:13:10:10 +0200] "GET /phpmyadmin/themes/pmahomme/img/bd_ftext.png HTTP/1.1" 200 286
::1 - - [12/Apr/2019:13:10:11 +0200] "GET /phpmyadmin/tbl_structure.php?db=radovi&table=diplomski_radovi&goto=tbl_structure.php&back=tbl_structure.php&field=id&change_column=1 HTTP/1.1" 200 17709
::1 - - [12/Apr/2019:13:10:12 +0200] "GET /phpmyadmin/phpmyadmin.css.php?nocache=6199081437ltr&server=1 HTTP/1.1" 200 20760
::1 - - [12/Apr/2019:13:10:12 +0200] "POST /phpmyadmin/ajax.php HTTP/1.1" 200 1391
::1 - - [12/Apr/2019:13:10:12 +0200] "POST /phpmyadmin/navigation.php?ajax_request=1 HTTP/1.1" 200 2852
::1 - - [12/Apr/2019:13:10:12 +0200] "POST /phpmyadmin/ajax.php HTTP/1.1" 200 1488
::1 - - [12/Apr/2019:13:10:12 +0200] "POST /phpmyadmin/ajax.php HTTP/1.1" 200 1382
::1 - - [12/Apr/2019:13:10:12 +0200] "GET /phpmyadmin/index.php?ajax_request=1&recent_table=1&no_debug=true&_nocache=1555067412442728085&token=%22%2B-(3YOm0A7%40xk30 HTTP/1.1" 200 1509
::1 - - [12/Apr/2019:13:08:21 +0200] "GET /cURL.php HTTP/1.1" 200 670
::1 - - [12/Apr/2019:13:10:36 +0200] "GET /phpmyadmin/themes/pmahomme/img/s_lock.png HTTP/1.1" 200 667
::1 - - [12/Apr/2019:13:10:37 +0200] "POST /phpmyadmin/tbl_structure.php HTTP/1.1" 200 95
::1 - - [12/Apr/2019:13:10:37 +0200] "POST /phpmyadmin/tbl_structure.php HTTP/1.1" 200 7978
::1 - - [12/Apr/2019:13:10:38 +0200] "POST /phpmyadmin/tbl_structure.php HTTP/1.1" 200 7680
::1 - - [12/Apr/2019:13:10:38 +0200] "POST /phpmyadmin/navigation.php?ajax_request=1 HTTP/1.1" 200 2869
::1 - - [12/Apr/2019:13:10:53 +0200] "GET /cURL.php HTTP/1.1" 200 610
::1 - - [12/Apr/2019:13:13:16 +0200] "GET /phpmyadmin/sql.php?db=radovi&table=diplomski_radovi&pos=0&ajax_request=true&ajax_page_request=true&_nocache=1555067596681908740&token=%22%2B-(3YOm0A7%40xk30 HTTP/1.1" 200 11596
::1 - - [12/Apr/2019:13:13:16 +0200] "GET /phpmyadmin/index.php?ajax_request=1&recent_table=1&no_debug=true&_nocache=1555067596982848812&token=%22%2B-(3YOm0A7%40xk30 HTTP/1.1" 200 1509
::1 - - [12/Apr/2019:13:13:24 +0200] "POST /phpmyadmin/sql.php HTTP/1.1" 200 12059
::1 - - [12/Apr/2019:13:13:24 +0200] "GET /phpmyadmin/index.php?ajax_request=1&recent_table=1&no_debug=true&_nocache=1555067604518759658&token=%22%2B-(3YOm0A7%40xk30 HTTP/1.1" 200 1509
::1 - - [12/Apr/2019:13:15:12 +0200] "GET /cURL.php HTTP/1.1" 200 58129
